{"level":"info","message":"[Database] 数据库连接配置成功","service":"game-service","timestamp":"2025-12-11 12:31:38"}
{"level":"info","message":"[GameService] 服务器已启动，监听端口: 3002","service":"game-service","timestamp":"2025-12-11 12:31:38"}
{"level":"info","message":"[GameService] 环境: development","service":"game-service","timestamp":"2025-12-11 12:31:38"}
{"level":"info","message":"[GameService] 健康检查端点: http://localhost:3002/health","service":"game-service","timestamp":"2025-12-11 12:31:38"}
{"level":"info","message":"[Redis] 尝试重新连接，第0次，延迟0ms","service":"game-service","timestamp":"2025-12-11 12:31:38"}
{"level":"error","message":"[Redis] 连接错误:","service":"game-service","timestamp":"2025-12-11 12:31:38"}
{"level":"info","message":"[Redis] 正在重新连接:","service":"game-service","timestamp":"2025-12-11 12:31:38"}
{"level":"info","message":"[Redis] 尝试重新连接，第1次，延迟1000ms","service":"game-service","timestamp":"2025-12-11 12:31:38"}
{"level":"error","message":"[Redis] 连接错误:","service":"game-service","timestamp":"2025-12-11 12:31:38"}
{"level":"info","message":"[Redis] 正在重新连接:","service":"game-service","timestamp":"2025-12-11 12:31:39"}
{"level":"info","message":"[Redis] 尝试重新连接，第2次，延迟2000ms","service":"game-service","timestamp":"2025-12-11 12:31:39"}
{"level":"error","message":"[Redis] 连接错误:","service":"game-service","timestamp":"2025-12-11 12:31:39"}
{"level":"info","message":"[Redis] 正在重新连接:","service":"game-service","timestamp":"2025-12-11 12:31:41"}
{"level":"info","message":"[Redis] 尝试重新连接，第3次，延迟3000ms","service":"game-service","timestamp":"2025-12-11 12:31:41"}
{"level":"error","message":"[Redis] 连接错误:","service":"game-service","timestamp":"2025-12-11 12:31:41"}
{"level":"info","message":"[Redis] 正在重新连接:","service":"game-service","timestamp":"2025-12-11 12:31:45"}
{"level":"info","message":"[Redis] 尝试重新连接，第4次，延迟4000ms","service":"game-service","timestamp":"2025-12-11 12:31:45"}
{"level":"error","message":"[Redis] 连接错误:","service":"game-service","timestamp":"2025-12-11 12:31:45"}
{"level":"info","message":"[Redis] 正在重新连接:","service":"game-service","timestamp":"2025-12-11 12:31:49"}
{"level":"info","message":"[Redis] 尝试重新连接，第5次，延迟5000ms","service":"game-service","timestamp":"2025-12-11 12:31:49"}
{"level":"error","message":"[Redis] 连接错误:","service":"game-service","timestamp":"2025-12-11 12:31:49"}
{"level":"info","message":"[Database] 数据库连接配置成功","service":"game-service","timestamp":"2025-12-11 12:31:53"}
{"level":"info","message":"[GameService] 服务器已启动，监听端口: 3002","service":"game-service","timestamp":"2025-12-11 12:31:53"}
{"level":"info","message":"[GameService] 环境: development","service":"game-service","timestamp":"2025-12-11 12:31:53"}
{"level":"info","message":"[GameService] 健康检查端点: http://localhost:3002/health","service":"game-service","timestamp":"2025-12-11 12:31:53"}
{"level":"info","message":"[Redis] 尝试重新连接，第0次，延迟0ms","service":"game-service","timestamp":"2025-12-11 12:31:53"}
{"level":"error","message":"[Redis] 连接错误:","service":"game-service","timestamp":"2025-12-11 12:31:53"}
{"level":"info","message":"[Redis] 正在重新连接:","service":"game-service","timestamp":"2025-12-11 12:31:53"}
{"level":"info","message":"[Redis] 尝试重新连接，第1次，延迟1000ms","service":"game-service","timestamp":"2025-12-11 12:31:53"}
{"level":"error","message":"[Redis] 连接错误:","service":"game-service","timestamp":"2025-12-11 12:31:53"}
{"level":"info","message":"[Redis] 正在重新连接:","service":"game-service","timestamp":"2025-12-11 12:31:54"}
{"level":"info","message":"[Redis] 尝试重新连接，第2次，延迟2000ms","service":"game-service","timestamp":"2025-12-11 12:31:54"}
{"level":"error","message":"[Redis] 连接错误:","service":"game-service","timestamp":"2025-12-11 12:31:54"}
{"level":"info","message":"[Redis] 正在重新连接:","service":"game-service","timestamp":"2025-12-11 12:31:56"}
{"level":"info","message":"[Redis] 尝试重新连接，第3次，延迟3000ms","service":"game-service","timestamp":"2025-12-11 12:31:56"}
{"level":"error","message":"[Redis] 连接错误:","service":"game-service","timestamp":"2025-12-11 12:31:56"}
{"level":"info","message":"[Redis] 正在重新连接:","service":"game-service","timestamp":"2025-12-11 12:31:59"}
{"level":"info","message":"[Redis] 尝试重新连接，第4次，延迟4000ms","service":"game-service","timestamp":"2025-12-11 12:31:59"}
{"level":"error","message":"[Redis] 连接错误:","service":"game-service","timestamp":"2025-12-11 12:31:59"}
{"level":"info","message":"[Database] 数据库连接配置成功","service":"game-service","timestamp":"2025-12-11 12:32:03"}
{"level":"info","message":"[GameService] 服务器已启动，监听端口: 3002","service":"game-service","timestamp":"2025-12-11 12:32:03"}
{"level":"info","message":"[GameService] 环境: development","service":"game-service","timestamp":"2025-12-11 12:32:03"}
{"level":"info","message":"[GameService] 健康检查端点: http://localhost:3002/health","service":"game-service","timestamp":"2025-12-11 12:32:03"}
{"level":"info","message":"[Redis] 尝试重新连接，第0次，延迟0ms","service":"game-service","timestamp":"2025-12-11 12:32:03"}
{"level":"error","message":"[Redis] 连接错误:","service":"game-service","timestamp":"2025-12-11 12:32:03"}
{"level":"info","message":"[Redis] 正在重新连接:","service":"game-service","timestamp":"2025-12-11 12:32:03"}
{"level":"info","message":"[Redis] 尝试重新连接，第1次，延迟1000ms","service":"game-service","timestamp":"2025-12-11 12:32:03"}
{"level":"error","message":"[Redis] 连接错误:","service":"game-service","timestamp":"2025-12-11 12:32:03"}
{"level":"info","message":"[Redis] 正在重新连接:","service":"game-service","timestamp":"2025-12-11 12:32:04"}
{"level":"info","message":"[Redis] 尝试重新连接，第2次，延迟2000ms","service":"game-service","timestamp":"2025-12-11 12:32:04"}
{"level":"error","message":"[Redis] 连接错误:","service":"game-service","timestamp":"2025-12-11 12:32:04"}
{"level":"info","message":"[Redis] 正在重新连接:","service":"game-service","timestamp":"2025-12-11 12:32:06"}
{"level":"info","message":"[Redis] 尝试重新连接，第3次，延迟3000ms","service":"game-service","timestamp":"2025-12-11 12:32:06"}
{"level":"error","message":"[Redis] 连接错误:","service":"game-service","timestamp":"2025-12-11 12:32:06"}
{"level":"info","message":"[Redis] 正在重新连接:","service":"game-service","timestamp":"2025-12-11 12:32:09"}
{"level":"info","message":"[Redis] 尝试重新连接，第4次，延迟4000ms","service":"game-service","timestamp":"2025-12-11 12:32:09"}
{"level":"error","message":"[Redis] 连接错误:","service":"game-service","timestamp":"2025-12-11 12:32:09"}
{"level":"info","message":"[Redis] 正在重新连接:","service":"game-service","timestamp":"2025-12-11 12:32:13"}
{"level":"info","message":"[Redis] 尝试重新连接，第5次，延迟5000ms","service":"game-service","timestamp":"2025-12-11 12:32:14"}
{"level":"error","message":"[Redis] 连接错误:","service":"game-service","timestamp":"2025-12-11 12:32:14"}
{"level":"info","message":"[Database] 数据库连接配置成功","service":"game-service","timestamp":"2025-12-11 12:36:07"}
{"level":"info","message":"[GameService] 服务器已启动，监听端口: 3002","service":"game-service","timestamp":"2025-12-11 12:36:07"}
{"level":"info","message":"[GameService] 环境: development","service":"game-service","timestamp":"2025-12-11 12:36:07"}
{"level":"info","message":"[GameService] 健康检查端点: http://localhost:3002/health","service":"game-service","timestamp":"2025-12-11 12:36:07"}
{"level":"info","message":"[Redis] 尝试重新连接，第0次，延迟0ms","service":"game-service","timestamp":"2025-12-11 12:36:07"}
{"level":"error","message":"[Redis] 连接错误:","service":"game-service","timestamp":"2025-12-11 12:36:07"}
{"level":"info","message":"[Redis] 正在重新连接:","service":"game-service","timestamp":"2025-12-11 12:36:07"}
{"level":"info","message":"[Redis] 尝试重新连接，第1次，延迟1000ms","service":"game-service","timestamp":"2025-12-11 12:36:07"}
{"level":"error","message":"[Redis] 连接错误:","service":"game-service","timestamp":"2025-12-11 12:36:07"}
{"level":"info","message":"[Redis] 正在重新连接:","service":"game-service","timestamp":"2025-12-11 12:36:08"}
{"level":"info","message":"[Redis] 尝试重新连接，第2次，延迟2000ms","service":"game-service","timestamp":"2025-12-11 12:36:08"}
{"level":"error","message":"[Redis] 连接错误:","service":"game-service","timestamp":"2025-12-11 12:36:08"}
{"level":"info","message":"[Redis] 正在重新连接:","service":"game-service","timestamp":"2025-12-11 12:36:10"}
{"level":"info","message":"[Redis] 尝试重新连接，第3次，延迟3000ms","service":"game-service","timestamp":"2025-12-11 12:36:10"}
{"level":"error","message":"[Redis] 连接错误:","service":"game-service","timestamp":"2025-12-11 12:36:10"}
{"level":"info","message":"[Redis] 正在重新连接:","service":"game-service","timestamp":"2025-12-11 12:36:13"}
{"level":"info","message":"[Redis] 尝试重新连接，第4次，延迟4000ms","service":"game-service","timestamp":"2025-12-11 12:36:13"}
{"level":"error","message":"[Redis] 连接错误:","service":"game-service","timestamp":"2025-12-11 12:36:13"}
{"level":"info","message":"[Redis] 正在重新连接:","service":"game-service","timestamp":"2025-12-11 12:36:17"}
{"level":"info","message":"[Redis] 尝试重新连接，第5次，延迟5000ms","service":"game-service","timestamp":"2025-12-11 12:36:17"}
{"level":"error","message":"[Redis] 连接错误:","service":"game-service","timestamp":"2025-12-11 12:36:17"}
{"level":"info","message":"[Redis] 正在重新连接:","service":"game-service","timestamp":"2025-12-11 12:36:22"}
{"level":"info","message":"[Redis] 尝试重新连接，第6次，延迟5000ms","service":"game-service","timestamp":"2025-12-11 12:36:22"}
{"level":"error","message":"[Redis] 连接错误:","service":"game-service","timestamp":"2025-12-11 12:36:22"}
{"level":"info","message":"[Redis] 正在重新连接:","service":"game-service","timestamp":"2025-12-11 12:36:28"}
{"level":"info","message":"[Redis] 尝试重新连接，第7次，延迟5000ms","service":"game-service","timestamp":"2025-12-11 12:36:28"}
{"level":"error","message":"[Redis] 连接错误:","service":"game-service","timestamp":"2025-12-11 12:36:28"}
{"level":"info","message":"[Redis] 正在重新连接:","service":"game-service","timestamp":"2025-12-11 12:36:33"}
{"level":"info","message":"[Redis] 尝试重新连接，第8次，延迟5000ms","service":"game-service","timestamp":"2025-12-11 12:36:33"}
{"level":"error","message":"[Redis] 连接错误:","service":"game-service","timestamp":"2025-12-11 12:36:33"}
{"level":"info","message":"[Redis] 正在重新连接:","service":"game-service","timestamp":"2025-12-11 12:36:38"}
{"level":"info","message":"[Redis] 尝试重新连接，第9次，延迟5000ms","service":"game-service","timestamp":"2025-12-11 12:36:38"}
{"level":"error","message":"[Redis] 连接错误:","service":"game-service","timestamp":"2025-12-11 12:36:38"}
{"level":"info","message":"[Redis] 正在重新连接:","service":"game-service","timestamp":"2025-12-11 12:36:43"}
{"level":"info","message":"[Redis] 尝试重新连接，第10次，延迟5000ms","service":"game-service","timestamp":"2025-12-11 12:36:43"}
{"level":"error","message":"[Redis] 连接错误:","service":"game-service","timestamp":"2025-12-11 12:36:43"}
{"level":"info","message":"[Redis] 正在重新连接:","service":"game-service","timestamp":"2025-12-11 12:36:48"}
{"level":"info","message":"[Redis] 尝试重新连接，第11次，延迟5000ms","service":"game-service","timestamp":"2025-12-11 12:36:48"}
{"level":"error","message":"[Redis] 连接错误:","service":"game-service","timestamp":"2025-12-11 12:36:48"}
{"level":"info","message":"[Database] 数据库连接配置成功","service":"game-service","timestamp":"2025-12-11 12:36:59"}
{"level":"info","message":"[GameService] 服务器已启动，监听端口: 3002","service":"game-service","timestamp":"2025-12-11 12:36:59"}
{"level":"info","message":"[GameService] 环境: development","service":"game-service","timestamp":"2025-12-11 12:36:59"}
{"level":"info","message":"[GameService] 健康检查端点: http://localhost:3002/health","service":"game-service","timestamp":"2025-12-11 12:36:59"}
{"level":"info","message":"[Redis] 尝试重新连接，第0次，延迟0ms","service":"game-service","timestamp":"2025-12-11 12:36:59"}
{"level":"error","message":"[Redis] 连接错误:","service":"game-service","timestamp":"2025-12-11 12:36:59"}
{"level":"info","message":"[Redis] 正在重新连接:","service":"game-service","timestamp":"2025-12-11 12:36:59"}
{"level":"info","message":"[Redis] 尝试重新连接，第1次，延迟1000ms","service":"game-service","timestamp":"2025-12-11 12:36:59"}
{"level":"error","message":"[Redis] 连接错误:","service":"game-service","timestamp":"2025-12-11 12:36:59"}
{"level":"info","message":"[Redis] 正在重新连接:","service":"game-service","timestamp":"2025-12-11 12:37:00"}
{"level":"info","message":"[Redis] 尝试重新连接，第2次，延迟2000ms","service":"game-service","timestamp":"2025-12-11 12:37:00"}
{"level":"error","message":"[Redis] 连接错误:","service":"game-service","timestamp":"2025-12-11 12:37:00"}
{"level":"info","message":"[Redis] 正在重新连接:","service":"game-service","timestamp":"2025-12-11 12:37:02"}
{"level":"info","message":"[Redis] 尝试重新连接，第3次，延迟3000ms","service":"game-service","timestamp":"2025-12-11 12:37:02"}
{"level":"error","message":"[Redis] 连接错误:","service":"game-service","timestamp":"2025-12-11 12:37:02"}
{"level":"info","message":"[Redis] 正在重新连接:","service":"game-service","timestamp":"2025-12-11 12:37:05"}
{"level":"info","message":"[Redis] 尝试重新连接，第4次，延迟4000ms","service":"game-service","timestamp":"2025-12-11 12:37:05"}
{"level":"error","message":"[Redis] 连接错误:","service":"game-service","timestamp":"2025-12-11 12:37:05"}
{"level":"info","message":"[Redis] 正在重新连接:","service":"game-service","timestamp":"2025-12-11 12:37:09"}
{"level":"info","message":"[Redis] 尝试重新连接，第5次，延迟5000ms","service":"game-service","timestamp":"2025-12-11 12:37:09"}
{"level":"error","message":"[Redis] 连接错误:","service":"game-service","timestamp":"2025-12-11 12:37:09"}
{"level":"info","message":"[Redis] 正在重新连接:","service":"game-service","timestamp":"2025-12-11 12:37:14"}
{"level":"info","message":"[Redis] 尝试重新连接，第6次，延迟5000ms","service":"game-service","timestamp":"2025-12-11 12:37:14"}
{"level":"error","message":"[Redis] 连接错误:","service":"game-service","timestamp":"2025-12-11 12:37:14"}
{"level":"info","message":"[Redis] 正在重新连接:","service":"game-service","timestamp":"2025-12-11 12:37:19"}
{"level":"info","message":"[Redis] 尝试重新连接，第7次，延迟5000ms","service":"game-service","timestamp":"2025-12-11 12:37:19"}
{"level":"error","message":"[Redis] 连接错误:","service":"game-service","timestamp":"2025-12-11 12:37:19"}
{"level":"info","message":"[Redis] 正在重新连接:","service":"game-service","timestamp":"2025-12-11 12:37:24"}
{"level":"info","message":"[Redis] 尝试重新连接，第8次，延迟5000ms","service":"game-service","timestamp":"2025-12-11 12:37:24"}
{"level":"error","message":"[Redis] 连接错误:","service":"game-service","timestamp":"2025-12-11 12:37:24"}
{"level":"info","message":"[Redis] 正在重新连接:","service":"game-service","timestamp":"2025-12-11 12:37:29"}
{"level":"info","message":"[Redis] 尝试重新连接，第9次，延迟5000ms","service":"game-service","timestamp":"2025-12-11 12:37:29"}
{"level":"error","message":"[Redis] 连接错误:","service":"game-service","timestamp":"2025-12-11 12:37:29"}
{"level":"info","message":"[Redis] 正在重新连接:","service":"game-service","timestamp":"2025-12-11 12:37:34"}
{"level":"info","message":"[Redis] 尝试重新连接，第10次，延迟5000ms","service":"game-service","timestamp":"2025-12-11 12:37:34"}
{"level":"error","message":"[Redis] 连接错误:","service":"game-service","timestamp":"2025-12-11 12:37:34"}
{"level":"info","message":"[Redis] 正在重新连接:","service":"game-service","timestamp":"2025-12-11 12:37:39"}
{"level":"info","message":"[Redis] 尝试重新连接，第11次，延迟5000ms","service":"game-service","timestamp":"2025-12-11 12:37:39"}
{"level":"error","message":"[Redis] 连接错误:","service":"game-service","timestamp":"2025-12-11 12:37:39"}
{"level":"info","message":"[Redis] 正在重新连接:","service":"game-service","timestamp":"2025-12-11 12:37:44"}
{"level":"info","message":"[Redis] 尝试重新连接，第12次，延迟5000ms","service":"game-service","timestamp":"2025-12-11 12:37:44"}
{"level":"error","message":"[Redis] 连接错误:","service":"game-service","timestamp":"2025-12-11 12:37:44"}
{"level":"info","message":"[Redis] 正在重新连接:","service":"game-service","timestamp":"2025-12-11 12:37:49"}
{"level":"info","message":"[Redis] 尝试重新连接，第13次，延迟5000ms","service":"game-service","timestamp":"2025-12-11 12:37:49"}
{"level":"error","message":"[Redis] 连接错误:","service":"game-service","timestamp":"2025-12-11 12:37:49"}
{"level":"info","message":"[Redis] 正在重新连接:","service":"game-service","timestamp":"2025-12-11 12:37:54"}
{"level":"info","message":"[Redis] 尝试重新连接，第14次，延迟5000ms","service":"game-service","timestamp":"2025-12-11 12:37:54"}
{"level":"error","message":"[Redis] 连接错误:","service":"game-service","timestamp":"2025-12-11 12:37:54"}
{"level":"info","message":"[Redis] 正在重新连接:","service":"game-service","timestamp":"2025-12-11 12:37:59"}
{"level":"info","message":"[Redis] 尝试重新连接，第15次，延迟5000ms","service":"game-service","timestamp":"2025-12-11 12:37:59"}
{"level":"error","message":"[Redis] 连接错误:","service":"game-service","timestamp":"2025-12-11 12:37:59"}
{"level":"info","message":"[Redis] 正在重新连接:","service":"game-service","timestamp":"2025-12-11 12:38:04"}
{"level":"info","message":"[Redis] 尝试重新连接，第16次，延迟5000ms","service":"game-service","timestamp":"2025-12-11 12:38:04"}
{"level":"error","message":"[Redis] 连接错误:","service":"game-service","timestamp":"2025-12-11 12:38:04"}
{"level":"info","message":"[Redis] 正在重新连接:","service":"game-service","timestamp":"2025-12-11 12:38:09"}
{"level":"info","message":"[Redis] 尝试重新连接，第17次，延迟5000ms","service":"game-service","timestamp":"2025-12-11 12:38:09"}
{"level":"error","message":"[Redis] 连接错误:","service":"game-service","timestamp":"2025-12-11 12:38:09"}
{"level":"info","message":"[Redis] 正在重新连接:","service":"game-service","timestamp":"2025-12-11 12:38:14"}
{"level":"info","message":"[Redis] 尝试重新连接，第18次，延迟5000ms","service":"game-service","timestamp":"2025-12-11 12:38:14"}
{"level":"error","message":"[Redis] 连接错误:","service":"game-service","timestamp":"2025-12-11 12:38:14"}
{"level":"info","message":"[Redis] 正在重新连接:","service":"game-service","timestamp":"2025-12-11 12:38:19"}
{"level":"info","message":"[Redis] 尝试重新连接，第19次，延迟5000ms","service":"game-service","timestamp":"2025-12-11 12:38:19"}
{"level":"error","message":"[Redis] 连接错误:","service":"game-service","timestamp":"2025-12-11 12:38:19"}
{"level":"info","message":"[Redis] 正在重新连接:","service":"game-service","timestamp":"2025-12-11 12:38:24"}
{"level":"info","message":"[Redis] 尝试重新连接，第20次，延迟5000ms","service":"game-service","timestamp":"2025-12-11 12:38:24"}
{"level":"error","message":"[Redis] 连接错误:","service":"game-service","timestamp":"2025-12-11 12:38:24"}
{"level":"info","message":"[Redis] 正在重新连接:","service":"game-service","timestamp":"2025-12-11 12:38:29"}
{"level":"info","message":"[Redis] 尝试重新连接，第21次，延迟5000ms","service":"game-service","timestamp":"2025-12-11 12:38:29"}
{"level":"error","message":"[Redis] 连接错误:","service":"game-service","timestamp":"2025-12-11 12:38:29"}
{"level":"info","message":"[Redis] 正在重新连接:","service":"game-service","timestamp":"2025-12-11 12:38:34"}
{"level":"info","message":"[Redis] 尝试重新连接，第22次，延迟5000ms","service":"game-service","timestamp":"2025-12-11 12:38:34"}
{"level":"error","message":"[Redis] 连接错误:","service":"game-service","timestamp":"2025-12-11 12:38:34"}
{"level":"info","message":"[Redis] 正在重新连接:","service":"game-service","timestamp":"2025-12-11 12:38:39"}
{"level":"info","message":"[Redis] 尝试重新连接，第23次，延迟5000ms","service":"game-service","timestamp":"2025-12-11 12:38:39"}
{"level":"error","message":"[Redis] 连接错误:","service":"game-service","timestamp":"2025-12-11 12:38:39"}
{"level":"info","message":"[Redis] 正在重新连接:","service":"game-service","timestamp":"2025-12-11 12:38:44"}
{"level":"info","message":"[Redis] 尝试重新连接，第24次，延迟5000ms","service":"game-service","timestamp":"2025-12-11 12:38:44"}
{"level":"error","message":"[Redis] 连接错误:","service":"game-service","timestamp":"2025-12-11 12:38:44"}
{"level":"info","message":"[Redis] 正在重新连接:","service":"game-service","timestamp":"2025-12-11 12:38:49"}
{"level":"info","message":"[Redis] 尝试重新连接，第25次，延迟5000ms","service":"game-service","timestamp":"2025-12-11 12:38:49"}
{"level":"error","message":"[Redis] 连接错误:","service":"game-service","timestamp":"2025-12-11 12:38:49"}
{"level":"info","message":"[Redis] 正在重新连接:","service":"game-service","timestamp":"2025-12-11 12:38:54"}
{"level":"info","message":"[Redis] 尝试重新连接，第26次，延迟5000ms","service":"game-service","timestamp":"2025-12-11 12:38:54"}
{"level":"error","message":"[Redis] 连接错误:","service":"game-service","timestamp":"2025-12-11 12:38:54"}
{"level":"info","message":"[Redis] 正在重新连接:","service":"game-service","timestamp":"2025-12-11 12:38:59"}
{"level":"info","message":"[Redis] 尝试重新连接，第27次，延迟5000ms","service":"game-service","timestamp":"2025-12-11 12:38:59"}
{"level":"error","message":"[Redis] 连接错误:","service":"game-service","timestamp":"2025-12-11 12:38:59"}
{"level":"info","message":"[Redis] 正在重新连接:","service":"game-service","timestamp":"2025-12-11 12:39:04"}
{"level":"info","message":"[Redis] 尝试重新连接，第28次，延迟5000ms","service":"game-service","timestamp":"2025-12-11 12:39:04"}
{"level":"error","message":"[Redis] 连接错误:","service":"game-service","timestamp":"2025-12-11 12:39:04"}
{"level":"info","message":"[Redis] 正在重新连接:","service":"game-service","timestamp":"2025-12-11 12:39:09"}
{"level":"info","message":"[Redis] 尝试重新连接，第29次，延迟5000ms","service":"game-service","timestamp":"2025-12-11 12:39:09"}
{"level":"error","message":"[Redis] 连接错误:","service":"game-service","timestamp":"2025-12-11 12:39:09"}
{"level":"info","message":"[Redis] 正在重新连接:","service":"game-service","timestamp":"2025-12-11 12:39:14"}
{"level":"info","message":"[Redis] 尝试重新连接，第30次，延迟5000ms","service":"game-service","timestamp":"2025-12-11 12:39:14"}
{"level":"error","message":"[Redis] 连接错误:","service":"game-service","timestamp":"2025-12-11 12:39:14"}
{"level":"info","message":"[Redis] 正在重新连接:","service":"game-service","timestamp":"2025-12-11 12:39:19"}
{"level":"info","message":"[Redis] 尝试重新连接，第31次，延迟5000ms","service":"game-service","timestamp":"2025-12-11 12:39:19"}
{"level":"error","message":"[Redis] 连接错误:","service":"game-service","timestamp":"2025-12-11 12:39:19"}
{"level":"info","message":"[Redis] 正在重新连接:","service":"game-service","timestamp":"2025-12-11 12:39:24"}
{"level":"info","message":"[Redis] 尝试重新连接，第32次，延迟5000ms","service":"game-service","timestamp":"2025-12-11 12:39:24"}
{"level":"error","message":"[Redis] 连接错误:","service":"game-service","timestamp":"2025-12-11 12:39:24"}
{"level":"info","message":"[Redis] 正在重新连接:","service":"game-service","timestamp":"2025-12-11 12:39:29"}
{"level":"info","message":"[Redis] 尝试重新连接，第33次，延迟5000ms","service":"game-service","timestamp":"2025-12-11 12:39:29"}
{"level":"error","message":"[Redis] 连接错误:","service":"game-service","timestamp":"2025-12-11 12:39:29"}
{"level":"info","message":"[Redis] 正在重新连接:","service":"game-service","timestamp":"2025-12-11 12:39:34"}
{"level":"info","message":"[Redis] 尝试重新连接，第34次，延迟5000ms","service":"game-service","timestamp":"2025-12-11 12:39:34"}
{"level":"error","message":"[Redis] 连接错误:","service":"game-service","timestamp":"2025-12-11 12:39:34"}
{"level":"info","message":"[Redis] 正在重新连接:","service":"game-service","timestamp":"2025-12-11 12:39:39"}
{"level":"info","message":"[Redis] 尝试重新连接，第35次，延迟5000ms","service":"game-service","timestamp":"2025-12-11 12:39:39"}
{"level":"error","message":"[Redis] 连接错误:","service":"game-service","timestamp":"2025-12-11 12:39:39"}
{"level":"info","message":"[Redis] 正在重新连接:","service":"game-service","timestamp":"2025-12-11 12:39:44"}
{"level":"info","message":"[Redis] 尝试重新连接，第36次，延迟5000ms","service":"game-service","timestamp":"2025-12-11 12:39:44"}
{"level":"error","message":"[Redis] 连接错误:","service":"game-service","timestamp":"2025-12-11 12:39:44"}
{"level":"info","message":"[Redis] 正在重新连接:","service":"game-service","timestamp":"2025-12-11 12:39:49"}
{"level":"info","message":"[Redis] 尝试重新连接，第37次，延迟5000ms","service":"game-service","timestamp":"2025-12-11 12:39:49"}
{"level":"error","message":"[Redis] 连接错误:","service":"game-service","timestamp":"2025-12-11 12:39:49"}
{"level":"info","message":"[Redis] 正在重新连接:","service":"game-service","timestamp":"2025-12-11 12:39:54"}
{"level":"info","message":"[Redis] 尝试重新连接，第38次，延迟5000ms","service":"game-service","timestamp":"2025-12-11 12:39:54"}
{"level":"error","message":"[Redis] 连接错误:","service":"game-service","timestamp":"2025-12-11 12:39:54"}
{"level":"info","message":"[Redis] 正在重新连接:","service":"game-service","timestamp":"2025-12-11 12:39:59"}
{"level":"info","message":"[Redis] 尝试重新连接，第39次，延迟5000ms","service":"game-service","timestamp":"2025-12-11 12:39:59"}
{"level":"error","message":"[Redis] 连接错误:","service":"game-service","timestamp":"2025-12-11 12:39:59"}
{"level":"info","message":"[Redis] 正在重新连接:","service":"game-service","timestamp":"2025-12-11 12:40:04"}
{"level":"info","message":"[Redis] 尝试重新连接，第40次，延迟5000ms","service":"game-service","timestamp":"2025-12-11 12:40:04"}
{"level":"error","message":"[Redis] 连接错误:","service":"game-service","timestamp":"2025-12-11 12:40:04"}
{"level":"info","message":"[Redis] 正在重新连接:","service":"game-service","timestamp":"2025-12-11 12:40:09"}
{"level":"info","message":"[Redis] 尝试重新连接，第41次，延迟5000ms","service":"game-service","timestamp":"2025-12-11 12:40:09"}
{"level":"error","message":"[Redis] 连接错误:","service":"game-service","timestamp":"2025-12-11 12:40:09"}
{"level":"info","message":"[Redis] 正在重新连接:","service":"game-service","timestamp":"2025-12-11 12:40:14"}
{"level":"info","message":"[Redis] 尝试重新连接，第42次，延迟5000ms","service":"game-service","timestamp":"2025-12-11 12:40:14"}
{"level":"error","message":"[Redis] 连接错误:","service":"game-service","timestamp":"2025-12-11 12:40:14"}
{"level":"info","message":"[Redis] 正在重新连接:","service":"game-service","timestamp":"2025-12-11 12:40:19"}
{"level":"info","message":"[Redis] 尝试重新连接，第43次，延迟5000ms","service":"game-service","timestamp":"2025-12-11 12:40:19"}
{"level":"error","message":"[Redis] 连接错误:","service":"game-service","timestamp":"2025-12-11 12:40:19"}
{"level":"info","message":"[Redis] 正在重新连接:","service":"game-service","timestamp":"2025-12-11 12:40:24"}
{"level":"info","message":"[Redis] 尝试重新连接，第44次，延迟5000ms","service":"game-service","timestamp":"2025-12-11 12:40:24"}
{"level":"error","message":"[Redis] 连接错误:","service":"game-service","timestamp":"2025-12-11 12:40:24"}
{"level":"info","message":"[Redis] 正在重新连接:","service":"game-service","timestamp":"2025-12-11 12:40:29"}
{"level":"info","message":"[Redis] 尝试重新连接，第45次，延迟5000ms","service":"game-service","timestamp":"2025-12-11 12:40:29"}
{"level":"error","message":"[Redis] 连接错误:","service":"game-service","timestamp":"2025-12-11 12:40:29"}
{"level":"info","message":"[Redis] 正在重新连接:","service":"game-service","timestamp":"2025-12-11 12:40:34"}
{"level":"info","message":"[Redis] 尝试重新连接，第46次，延迟5000ms","service":"game-service","timestamp":"2025-12-11 12:40:34"}
{"level":"error","message":"[Redis] 连接错误:","service":"game-service","timestamp":"2025-12-11 12:40:34"}
{"level":"info","message":"[Redis] 正在重新连接:","service":"game-service","timestamp":"2025-12-11 12:40:39"}
{"level":"info","message":"[Redis] 尝试重新连接，第47次，延迟5000ms","service":"game-service","timestamp":"2025-12-11 12:40:39"}
{"level":"error","message":"[Redis] 连接错误:","service":"game-service","timestamp":"2025-12-11 12:40:39"}
{"level":"info","message":"[Redis] 正在重新连接:","service":"game-service","timestamp":"2025-12-11 12:40:44"}
{"level":"info","message":"[Redis] 尝试重新连接，第48次，延迟5000ms","service":"game-service","timestamp":"2025-12-11 12:40:44"}
{"level":"error","message":"[Redis] 连接错误:","service":"game-service","timestamp":"2025-12-11 12:40:44"}
{"level":"info","message":"[Redis] 正在重新连接:","service":"game-service","timestamp":"2025-12-11 12:40:49"}
{"level":"info","message":"[Redis] 尝试重新连接，第49次，延迟5000ms","service":"game-service","timestamp":"2025-12-11 12:40:49"}
{"level":"error","message":"[Redis] 连接错误:","service":"game-service","timestamp":"2025-12-11 12:40:49"}
{"level":"info","message":"[Redis] 正在重新连接:","service":"game-service","timestamp":"2025-12-11 12:40:54"}
{"level":"info","message":"[Redis] 尝试重新连接，第50次，延迟5000ms","service":"game-service","timestamp":"2025-12-11 12:40:54"}
{"level":"error","message":"[Redis] 连接错误:","service":"game-service","timestamp":"2025-12-11 12:40:54"}
{"level":"info","message":"[Redis] 正在重新连接:","service":"game-service","timestamp":"2025-12-11 12:40:59"}
{"level":"info","message":"[Redis] 尝试重新连接，第51次，延迟5000ms","service":"game-service","timestamp":"2025-12-11 12:40:59"}
{"level":"error","message":"[Redis] 连接错误:","service":"game-service","timestamp":"2025-12-11 12:40:59"}
{"level":"info","message":"[Redis] 正在重新连接:","service":"game-service","timestamp":"2025-12-11 12:41:04"}
{"level":"info","message":"[Redis] 尝试重新连接，第52次，延迟5000ms","service":"game-service","timestamp":"2025-12-11 12:41:04"}
{"level":"error","message":"[Redis] 连接错误:","service":"game-service","timestamp":"2025-12-11 12:41:04"}
{"level":"info","message":"[Database] 数据库连接配置成功","service":"game-service","timestamp":"2025-12-11 20:15:22"}
{"level":"info","message":"[GameService] 服务器已启动，监听端口: 3002","service":"game-service","timestamp":"2025-12-11 20:15:22"}
{"level":"info","message":"[GameService] 环境: development","service":"game-service","timestamp":"2025-12-11 20:15:22"}
{"level":"info","message":"[GameService] 健康检查端点: http://localhost:3002/health","service":"game-service","timestamp":"2025-12-11 20:15:22"}
{"level":"info","message":"[Redis] 尝试重新连接，第0次，延迟0ms","service":"game-service","timestamp":"2025-12-11 20:15:22"}
{"level":"error","message":"[Redis] 连接错误:","service":"game-service","timestamp":"2025-12-11 20:15:22"}
{"level":"info","message":"[Redis] 正在重新连接:","service":"game-service","timestamp":"2025-12-11 20:15:22"}
{"level":"info","message":"[Redis] 尝试重新连接，第1次，延迟1000ms","service":"game-service","timestamp":"2025-12-11 20:15:22"}
{"level":"error","message":"[Redis] 连接错误:","service":"game-service","timestamp":"2025-12-11 20:15:22"}
{"level":"info","message":"[Redis] 正在重新连接:","service":"game-service","timestamp":"2025-12-11 20:15:24"}
{"level":"info","message":"[Redis] 尝试重新连接，第2次，延迟2000ms","service":"game-service","timestamp":"2025-12-11 20:15:24"}
{"level":"error","message":"[Redis] 连接错误:","service":"game-service","timestamp":"2025-12-11 20:15:24"}
{"level":"info","message":"[Redis] 正在重新连接:","service":"game-service","timestamp":"2025-12-11 20:15:26"}
{"level":"info","message":"[Redis] 尝试重新连接，第3次，延迟3000ms","service":"game-service","timestamp":"2025-12-11 20:15:26"}
{"level":"error","message":"[Redis] 连接错误:","service":"game-service","timestamp":"2025-12-11 20:15:26"}
{"level":"info","message":"[Redis] 正在重新连接:","service":"game-service","timestamp":"2025-12-11 20:15:29"}
{"level":"info","message":"[Redis] 尝试重新连接，第4次，延迟4000ms","service":"game-service","timestamp":"2025-12-11 20:15:29"}
{"level":"error","message":"[Redis] 连接错误:","service":"game-service","timestamp":"2025-12-11 20:15:29"}
{"level":"info","message":"[Redis] 正在重新连接:","service":"game-service","timestamp":"2025-12-11 20:15:33"}
{"level":"info","message":"[Redis] 尝试重新连接，第5次，延迟5000ms","service":"game-service","timestamp":"2025-12-11 20:15:33"}
{"level":"error","message":"[Redis] 连接错误:","service":"game-service","timestamp":"2025-12-11 20:15:33"}
{"level":"info","message":"[Redis] 正在重新连接:","service":"game-service","timestamp":"2025-12-11 20:15:38"}
{"level":"info","message":"[Redis] 尝试重新连接，第6次，延迟5000ms","service":"game-service","timestamp":"2025-12-11 20:15:38"}
{"level":"error","message":"[Redis] 连接错误:","service":"game-service","timestamp":"2025-12-11 20:15:38"}
{"level":"info","message":"[Redis] 正在重新连接:","service":"game-service","timestamp":"2025-12-11 20:15:43"}
{"level":"info","message":"[Redis] 尝试重新连接，第7次，延迟5000ms","service":"game-service","timestamp":"2025-12-11 20:15:43"}
{"level":"error","message":"[Redis] 连接错误:","service":"game-service","timestamp":"2025-12-11 20:15:43"}
{"level":"info","message":"[Redis] 正在重新连接:","service":"game-service","timestamp":"2025-12-11 20:15:48"}
{"level":"info","message":"[Redis] 尝试重新连接，第8次，延迟5000ms","service":"game-service","timestamp":"2025-12-11 20:15:48"}
{"level":"error","message":"[Redis] 连接错误:","service":"game-service","timestamp":"2025-12-11 20:15:48"}
{"level":"info","message":"[Redis] 正在重新连接:","service":"game-service","timestamp":"2025-12-11 20:15:53"}
{"level":"info","message":"[Redis] 尝试重新连接，第9次，延迟5000ms","service":"game-service","timestamp":"2025-12-11 20:15:53"}
{"level":"error","message":"[Redis] 连接错误:","service":"game-service","timestamp":"2025-12-11 20:15:53"}
{"level":"info","message":"[Redis] 正在重新连接:","service":"game-service","timestamp":"2025-12-11 20:15:58"}
{"level":"info","message":"[Redis] 尝试重新连接，第10次，延迟5000ms","service":"game-service","timestamp":"2025-12-11 20:15:58"}
{"level":"error","message":"[Redis] 连接错误:","service":"game-service","timestamp":"2025-12-11 20:15:58"}
{"level":"info","message":"[Redis] 正在重新连接:","service":"game-service","timestamp":"2025-12-11 20:16:03"}
{"level":"info","message":"[Redis] 尝试重新连接，第11次，延迟5000ms","service":"game-service","timestamp":"2025-12-11 20:16:03"}
{"level":"error","message":"[Redis] 连接错误:","service":"game-service","timestamp":"2025-12-11 20:16:03"}
{"level":"info","message":"[Redis] 正在重新连接:","service":"game-service","timestamp":"2025-12-11 20:16:08"}
{"level":"info","message":"[Redis] 尝试重新连接，第12次，延迟5000ms","service":"game-service","timestamp":"2025-12-11 20:16:08"}
{"level":"error","message":"[Redis] 连接错误:","service":"game-service","timestamp":"2025-12-11 20:16:08"}
{"level":"info","message":"[Redis] 正在重新连接:","service":"game-service","timestamp":"2025-12-11 20:16:13"}
{"level":"info","message":"[Redis] 尝试重新连接，第13次，延迟5000ms","service":"game-service","timestamp":"2025-12-11 20:16:13"}
{"level":"error","message":"[Redis] 连接错误:","service":"game-service","timestamp":"2025-12-11 20:16:13"}
{"level":"info","message":"[Redis] 正在重新连接:","service":"game-service","timestamp":"2025-12-11 20:16:18"}
{"level":"info","message":"[Redis] 尝试重新连接，第14次，延迟5000ms","service":"game-service","timestamp":"2025-12-11 20:16:18"}
{"level":"error","message":"[Redis] 连接错误:","service":"game-service","timestamp":"2025-12-11 20:16:18"}
{"level":"info","message":"[Redis] 正在重新连接:","service":"game-service","timestamp":"2025-12-11 20:16:23"}
{"level":"info","message":"[Redis] 尝试重新连接，第15次，延迟5000ms","service":"game-service","timestamp":"2025-12-11 20:16:23"}
{"level":"error","message":"[Redis] 连接错误:","service":"game-service","timestamp":"2025-12-11 20:16:23"}
{"level":"info","message":"[Redis] 正在重新连接:","service":"game-service","timestamp":"2025-12-11 20:16:28"}
{"level":"info","message":"[Redis] 尝试重新连接，第16次，延迟5000ms","service":"game-service","timestamp":"2025-12-11 20:16:28"}
{"level":"error","message":"[Redis] 连接错误:","service":"game-service","timestamp":"2025-12-11 20:16:28"}
{"level":"info","message":"[Redis] 正在重新连接:","service":"game-service","timestamp":"2025-12-11 20:16:33"}
{"level":"info","message":"[Redis] 尝试重新连接，第17次，延迟5000ms","service":"game-service","timestamp":"2025-12-11 20:16:33"}
{"level":"error","message":"[Redis] 连接错误:","service":"game-service","timestamp":"2025-12-11 20:16:33"}
{"level":"info","message":"[Redis] 正在重新连接:","service":"game-service","timestamp":"2025-12-11 20:16:38"}
{"level":"info","message":"[Redis] 尝试重新连接，第18次，延迟5000ms","service":"game-service","timestamp":"2025-12-11 20:16:38"}
{"level":"error","message":"[Redis] 连接错误:","service":"game-service","timestamp":"2025-12-11 20:16:38"}
{"level":"info","message":"[Redis] 正在重新连接:","service":"game-service","timestamp":"2025-12-11 20:16:43"}
{"level":"info","message":"[Redis] 尝试重新连接，第19次，延迟5000ms","service":"game-service","timestamp":"2025-12-11 20:16:43"}
{"level":"error","message":"[Redis] 连接错误:","service":"game-service","timestamp":"2025-12-11 20:16:43"}
{"level":"info","message":"[Redis] 正在重新连接:","service":"game-service","timestamp":"2025-12-11 20:16:48"}
{"level":"info","message":"[Redis] 尝试重新连接，第20次，延迟5000ms","service":"game-service","timestamp":"2025-12-11 20:16:48"}
{"level":"error","message":"[Redis] 连接错误:","service":"game-service","timestamp":"2025-12-11 20:16:48"}
{"level":"info","message":"[Redis] 正在重新连接:","service":"game-service","timestamp":"2025-12-11 20:16:53"}
{"level":"info","message":"[Redis] 尝试重新连接，第21次，延迟5000ms","service":"game-service","timestamp":"2025-12-11 20:16:53"}
{"level":"error","message":"[Redis] 连接错误:","service":"game-service","timestamp":"2025-12-11 20:16:53"}
{"level":"info","message":"[Redis] 正在重新连接:","service":"game-service","timestamp":"2025-12-11 20:16:58"}
{"level":"info","message":"[Redis] 尝试重新连接，第22次，延迟5000ms","service":"game-service","timestamp":"2025-12-11 20:16:58"}
{"level":"error","message":"[Redis] 连接错误:","service":"game-service","timestamp":"2025-12-11 20:16:58"}
{"level":"info","message":"[Redis] 正在重新连接:","service":"game-service","timestamp":"2025-12-11 20:17:03"}
{"level":"info","message":"[Redis] 尝试重新连接，第23次，延迟5000ms","service":"game-service","timestamp":"2025-12-11 20:17:03"}
{"level":"error","message":"[Redis] 连接错误:","service":"game-service","timestamp":"2025-12-11 20:17:03"}
{"level":"info","message":"[Redis] 正在重新连接:","service":"game-service","timestamp":"2025-12-11 20:17:08"}
{"level":"info","message":"[Redis] 尝试重新连接，第24次，延迟5000ms","service":"game-service","timestamp":"2025-12-11 20:17:08"}
{"level":"error","message":"[Redis] 连接错误:","service":"game-service","timestamp":"2025-12-11 20:17:08"}
{"level":"info","message":"[Redis] 正在重新连接:","service":"game-service","timestamp":"2025-12-11 20:17:13"}
{"level":"info","message":"[Redis] 尝试重新连接，第25次，延迟5000ms","service":"game-service","timestamp":"2025-12-11 20:17:13"}
{"level":"error","message":"[Redis] 连接错误:","service":"game-service","timestamp":"2025-12-11 20:17:13"}
{"level":"info","message":"[Redis] 正在重新连接:","service":"game-service","timestamp":"2025-12-11 20:17:18"}
{"level":"info","message":"[Redis] 尝试重新连接，第26次，延迟5000ms","service":"game-service","timestamp":"2025-12-11 20:17:18"}
{"level":"error","message":"[Redis] 连接错误:","service":"game-service","timestamp":"2025-12-11 20:17:18"}
{"level":"info","message":"[Redis] 正在重新连接:","service":"game-service","timestamp":"2025-12-11 20:17:23"}
{"level":"info","message":"[Redis] 尝试重新连接，第27次，延迟5000ms","service":"game-service","timestamp":"2025-12-11 20:17:23"}
{"level":"error","message":"[Redis] 连接错误:","service":"game-service","timestamp":"2025-12-11 20:17:23"}
{"level":"info","message":"[Redis] 正在重新连接:","service":"game-service","timestamp":"2025-12-11 20:17:28"}
{"level":"info","message":"[Redis] 尝试重新连接，第28次，延迟5000ms","service":"game-service","timestamp":"2025-12-11 20:17:28"}
{"level":"error","message":"[Redis] 连接错误:","service":"game-service","timestamp":"2025-12-11 20:17:28"}
{"level":"info","message":"[Redis] 正在重新连接:","service":"game-service","timestamp":"2025-12-11 20:17:33"}
{"level":"info","message":"[Redis] 尝试重新连接，第29次，延迟5000ms","service":"game-service","timestamp":"2025-12-11 20:17:33"}
{"level":"error","message":"[Redis] 连接错误:","service":"game-service","timestamp":"2025-12-11 20:17:33"}
{"level":"info","message":"[Redis] 正在重新连接:","service":"game-service","timestamp":"2025-12-11 20:17:38"}
{"level":"info","message":"[Redis] 尝试重新连接，第30次，延迟5000ms","service":"game-service","timestamp":"2025-12-11 20:17:38"}
{"level":"error","message":"[Redis] 连接错误:","service":"game-service","timestamp":"2025-12-11 20:17:38"}
{"level":"info","message":"[Redis] 正在重新连接:","service":"game-service","timestamp":"2025-12-11 20:17:43"}
{"level":"info","message":"[Redis] 尝试重新连接，第31次，延迟5000ms","service":"game-service","timestamp":"2025-12-11 20:17:43"}
{"level":"error","message":"[Redis] 连接错误:","service":"game-service","timestamp":"2025-12-11 20:17:43"}
{"level":"info","message":"[Redis] 正在重新连接:","service":"game-service","timestamp":"2025-12-11 20:17:48"}
{"level":"info","message":"[Redis] 尝试重新连接，第32次，延迟5000ms","service":"game-service","timestamp":"2025-12-11 20:17:48"}
{"level":"error","message":"[Redis] 连接错误:","service":"game-service","timestamp":"2025-12-11 20:17:48"}
{"level":"info","message":"[Redis] 正在重新连接:","service":"game-service","timestamp":"2025-12-11 20:17:53"}
{"level":"info","message":"[Redis] 尝试重新连接，第33次，延迟5000ms","service":"game-service","timestamp":"2025-12-11 20:17:53"}
{"level":"error","message":"[Redis] 连接错误:","service":"game-service","timestamp":"2025-12-11 20:17:53"}
{"level":"info","message":"[Redis] 正在重新连接:","service":"game-service","timestamp":"2025-12-11 20:17:58"}
{"level":"info","message":"[Redis] 尝试重新连接，第34次，延迟5000ms","service":"game-service","timestamp":"2025-12-11 20:17:58"}
{"level":"error","message":"[Redis] 连接错误:","service":"game-service","timestamp":"2025-12-11 20:17:58"}
{"level":"info","message":"[Redis] 正在重新连接:","service":"game-service","timestamp":"2025-12-11 20:18:03"}
{"level":"info","message":"[Redis] 尝试重新连接，第35次，延迟5000ms","service":"game-service","timestamp":"2025-12-11 20:18:03"}
{"level":"error","message":"[Redis] 连接错误:","service":"game-service","timestamp":"2025-12-11 20:18:03"}
{"level":"info","message":"[Redis] 正在重新连接:","service":"game-service","timestamp":"2025-12-11 20:18:08"}
{"level":"info","message":"[Redis] 尝试重新连接，第36次，延迟5000ms","service":"game-service","timestamp":"2025-12-11 20:18:08"}
{"level":"error","message":"[Redis] 连接错误:","service":"game-service","timestamp":"2025-12-11 20:18:08"}
{"level":"info","message":"[Redis] 正在重新连接:","service":"game-service","timestamp":"2025-12-11 20:18:13"}
{"level":"info","message":"[Redis] 尝试重新连接，第37次，延迟5000ms","service":"game-service","timestamp":"2025-12-11 20:18:13"}
{"level":"error","message":"[Redis] 连接错误:","service":"game-service","timestamp":"2025-12-11 20:18:13"}
{"level":"info","message":"[Redis] 正在重新连接:","service":"game-service","timestamp":"2025-12-11 20:18:18"}
{"level":"info","message":"[Redis] 尝试重新连接，第38次，延迟5000ms","service":"game-service","timestamp":"2025-12-11 20:18:18"}
{"level":"error","message":"[Redis] 连接错误:","service":"game-service","timestamp":"2025-12-11 20:18:18"}
{"level":"info","message":"[Redis] 正在重新连接:","service":"game-service","timestamp":"2025-12-11 20:18:23"}
{"level":"info","message":"[Redis] 尝试重新连接，第39次，延迟5000ms","service":"game-service","timestamp":"2025-12-11 20:18:23"}
{"level":"error","message":"[Redis] 连接错误:","service":"game-service","timestamp":"2025-12-11 20:18:23"}
{"level":"info","message":"[Redis] 正在重新连接:","service":"game-service","timestamp":"2025-12-11 20:18:28"}
{"level":"info","message":"[Redis] 尝试重新连接，第40次，延迟5000ms","service":"game-service","timestamp":"2025-12-11 20:18:28"}
{"level":"error","message":"[Redis] 连接错误:","service":"game-service","timestamp":"2025-12-11 20:18:28"}
{"level":"info","message":"[Redis] 正在重新连接:","service":"game-service","timestamp":"2025-12-11 20:18:33"}
{"level":"info","message":"[Redis] 尝试重新连接，第41次，延迟5000ms","service":"game-service","timestamp":"2025-12-11 20:18:33"}
{"level":"error","message":"[Redis] 连接错误:","service":"game-service","timestamp":"2025-12-11 20:18:33"}
{"level":"info","message":"[Redis] 正在重新连接:","service":"game-service","timestamp":"2025-12-11 20:18:38"}
{"level":"info","message":"[Redis] 尝试重新连接，第42次，延迟5000ms","service":"game-service","timestamp":"2025-12-11 20:18:38"}
{"level":"error","message":"[Redis] 连接错误:","service":"game-service","timestamp":"2025-12-11 20:18:38"}
{"level":"info","message":"[Redis] 正在重新连接:","service":"game-service","timestamp":"2025-12-11 20:18:43"}
{"level":"info","message":"[Redis] 尝试重新连接，第43次，延迟5000ms","service":"game-service","timestamp":"2025-12-11 20:18:43"}
{"level":"error","message":"[Redis] 连接错误:","service":"game-service","timestamp":"2025-12-11 20:18:43"}
{"level":"info","message":"[Redis] 正在重新连接:","service":"game-service","timestamp":"2025-12-11 20:18:48"}
{"level":"info","message":"[Redis] 尝试重新连接，第44次，延迟5000ms","service":"game-service","timestamp":"2025-12-11 20:18:48"}
{"level":"error","message":"[Redis] 连接错误:","service":"game-service","timestamp":"2025-12-11 20:18:48"}
{"level":"info","message":"[Redis] 正在重新连接:","service":"game-service","timestamp":"2025-12-11 20:18:53"}
{"level":"info","message":"[Redis] 尝试重新连接，第45次，延迟5000ms","service":"game-service","timestamp":"2025-12-11 20:18:53"}
{"level":"error","message":"[Redis] 连接错误:","service":"game-service","timestamp":"2025-12-11 20:18:53"}
{"level":"info","message":"[Redis] 正在重新连接:","service":"game-service","timestamp":"2025-12-11 20:18:58"}
{"level":"info","message":"[Redis] 尝试重新连接，第46次，延迟5000ms","service":"game-service","timestamp":"2025-12-11 20:18:58"}
{"level":"error","message":"[Redis] 连接错误:","service":"game-service","timestamp":"2025-12-11 20:18:58"}
{"level":"info","message":"[Redis] 正在重新连接:","service":"game-service","timestamp":"2025-12-11 20:19:03"}
{"level":"info","message":"[Redis] 尝试重新连接，第47次，延迟5000ms","service":"game-service","timestamp":"2025-12-11 20:19:03"}
{"level":"error","message":"[Redis] 连接错误:","service":"game-service","timestamp":"2025-12-11 20:19:03"}
{"level":"info","message":"[Redis] 正在重新连接:","service":"game-service","timestamp":"2025-12-11 20:19:08"}
{"level":"info","message":"[Redis] 尝试重新连接，第48次，延迟5000ms","service":"game-service","timestamp":"2025-12-11 20:19:08"}
{"level":"error","message":"[Redis] 连接错误:","service":"game-service","timestamp":"2025-12-11 20:19:08"}
{"level":"info","message":"[Redis] 正在重新连接:","service":"game-service","timestamp":"2025-12-11 20:19:13"}
{"level":"info","message":"[Redis] 尝试重新连接，第49次，延迟5000ms","service":"game-service","timestamp":"2025-12-11 20:19:13"}
{"level":"error","message":"[Redis] 连接错误:","service":"game-service","timestamp":"2025-12-11 20:19:13"}
{"level":"info","message":"[Redis] 正在重新连接:","service":"game-service","timestamp":"2025-12-11 20:19:18"}
{"level":"info","message":"[Redis] 尝试重新连接，第50次，延迟5000ms","service":"game-service","timestamp":"2025-12-11 20:19:18"}
{"level":"error","message":"[Redis] 连接错误:","service":"game-service","timestamp":"2025-12-11 20:19:18"}
{"level":"info","message":"[Redis] 正在重新连接:","service":"game-service","timestamp":"2025-12-11 20:19:23"}
{"level":"info","message":"[Redis] 尝试重新连接，第51次，延迟5000ms","service":"game-service","timestamp":"2025-12-11 20:19:23"}
{"level":"error","message":"[Redis] 连接错误:","service":"game-service","timestamp":"2025-12-11 20:19:23"}
{"level":"info","message":"[Redis] 正在重新连接:","service":"game-service","timestamp":"2025-12-11 20:19:28"}
{"level":"info","message":"[Redis] 尝试重新连接，第52次，延迟5000ms","service":"game-service","timestamp":"2025-12-11 20:19:28"}
{"level":"error","message":"[Redis] 连接错误:","service":"game-service","timestamp":"2025-12-11 20:19:28"}
{"level":"info","message":"[Redis] 正在重新连接:","service":"game-service","timestamp":"2025-12-11 20:19:33"}
{"level":"info","message":"[Redis] 尝试重新连接，第53次，延迟5000ms","service":"game-service","timestamp":"2025-12-11 20:19:33"}
{"level":"error","message":"[Redis] 连接错误:","service":"game-service","timestamp":"2025-12-11 20:19:33"}
{"level":"info","message":"[Redis] 正在重新连接:","service":"game-service","timestamp":"2025-12-11 20:19:38"}
{"level":"info","message":"[Redis] 尝试重新连接，第54次，延迟5000ms","service":"game-service","timestamp":"2025-12-11 20:19:38"}
{"level":"error","message":"[Redis] 连接错误:","service":"game-service","timestamp":"2025-12-11 20:19:38"}
{"level":"info","message":"[Redis] 正在重新连接:","service":"game-service","timestamp":"2025-12-11 20:19:43"}
{"level":"info","message":"[Redis] 尝试重新连接，第55次，延迟5000ms","service":"game-service","timestamp":"2025-12-11 20:19:43"}
{"level":"error","message":"[Redis] 连接错误:","service":"game-service","timestamp":"2025-12-11 20:19:43"}
{"level":"info","message":"[Redis] 正在重新连接:","service":"game-service","timestamp":"2025-12-11 20:19:48"}
{"level":"info","message":"[Redis] 尝试重新连接，第56次，延迟5000ms","service":"game-service","timestamp":"2025-12-11 20:19:48"}
{"level":"error","message":"[Redis] 连接错误:","service":"game-service","timestamp":"2025-12-11 20:19:48"}
{"level":"info","message":"[Redis] 正在重新连接:","service":"game-service","timestamp":"2025-12-11 20:19:53"}
{"level":"info","message":"[Redis] 尝试重新连接，第57次，延迟5000ms","service":"game-service","timestamp":"2025-12-11 20:19:53"}
{"level":"error","message":"[Redis] 连接错误:","service":"game-service","timestamp":"2025-12-11 20:19:53"}
{"level":"info","message":"[Redis] 正在重新连接:","service":"game-service","timestamp":"2025-12-11 20:19:58"}
{"level":"info","message":"[Redis] 尝试重新连接，第58次，延迟5000ms","service":"game-service","timestamp":"2025-12-11 20:19:58"}
{"level":"error","message":"[Redis] 连接错误:","service":"game-service","timestamp":"2025-12-11 20:19:58"}
{"level":"info","message":"[Redis] 正在重新连接:","service":"game-service","timestamp":"2025-12-11 20:20:03"}
{"level":"info","message":"[Redis] 尝试重新连接，第59次，延迟5000ms","service":"game-service","timestamp":"2025-12-11 20:20:03"}
{"level":"error","message":"[Redis] 连接错误:","service":"game-service","timestamp":"2025-12-11 20:20:03"}
{"level":"info","message":"[Redis] 正在重新连接:","service":"game-service","timestamp":"2025-12-11 20:20:08"}
{"level":"info","message":"[Redis] 尝试重新连接，第60次，延迟5000ms","service":"game-service","timestamp":"2025-12-11 20:20:08"}
{"level":"error","message":"[Redis] 连接错误:","service":"game-service","timestamp":"2025-12-11 20:20:08"}
{"level":"info","message":"[Redis] 正在重新连接:","service":"game-service","timestamp":"2025-12-11 20:20:13"}
{"level":"info","message":"[Redis] 尝试重新连接，第61次，延迟5000ms","service":"game-service","timestamp":"2025-12-11 20:20:13"}
{"level":"error","message":"[Redis] 连接错误:","service":"game-service","timestamp":"2025-12-11 20:20:13"}
{"level":"info","message":"[Redis] 正在重新连接:","service":"game-service","timestamp":"2025-12-11 20:20:18"}
{"level":"info","message":"[Redis] 尝试重新连接，第62次，延迟5000ms","service":"game-service","timestamp":"2025-12-11 20:20:18"}
{"level":"error","message":"[Redis] 连接错误:","service":"game-service","timestamp":"2025-12-11 20:20:18"}
{"level":"info","message":"[Redis] 正在重新连接:","service":"game-service","timestamp":"2025-12-11 20:20:23"}
{"level":"info","message":"[Redis] 尝试重新连接，第63次，延迟5000ms","service":"game-service","timestamp":"2025-12-11 20:20:23"}
{"level":"error","message":"[Redis] 连接错误:","service":"game-service","timestamp":"2025-12-11 20:20:23"}
{"level":"info","message":"[Redis] 正在重新连接:","service":"game-service","timestamp":"2025-12-11 20:20:28"}
{"level":"info","message":"[Redis] 尝试重新连接，第64次，延迟5000ms","service":"game-service","timestamp":"2025-12-11 20:20:28"}
{"level":"error","message":"[Redis] 连接错误:","service":"game-service","timestamp":"2025-12-11 20:20:28"}
{"level":"info","message":"[Redis] 正在重新连接:","service":"game-service","timestamp":"2025-12-11 20:20:33"}
{"level":"info","message":"[Redis] 尝试重新连接，第65次，延迟5000ms","service":"game-service","timestamp":"2025-12-11 20:20:33"}
{"level":"error","message":"[Redis] 连接错误:","service":"game-service","timestamp":"2025-12-11 20:20:33"}
{"level":"info","message":"[Redis] 正在重新连接:","service":"game-service","timestamp":"2025-12-11 20:20:38"}
{"level":"info","message":"[Redis] 尝试重新连接，第66次，延迟5000ms","service":"game-service","timestamp":"2025-12-11 20:20:38"}
{"level":"error","message":"[Redis] 连接错误:","service":"game-service","timestamp":"2025-12-11 20:20:38"}
{"level":"info","message":"[Redis] 正在重新连接:","service":"game-service","timestamp":"2025-12-11 20:20:43"}
{"level":"info","message":"[Redis] 尝试重新连接，第67次，延迟5000ms","service":"game-service","timestamp":"2025-12-11 20:20:43"}
{"level":"error","message":"[Redis] 连接错误:","service":"game-service","timestamp":"2025-12-11 20:20:43"}
{"level":"info","message":"[Redis] 正在重新连接:","service":"game-service","timestamp":"2025-12-11 20:20:48"}
{"level":"info","message":"[Redis] 尝试重新连接，第68次，延迟5000ms","service":"game-service","timestamp":"2025-12-11 20:20:48"}
{"level":"error","message":"[Redis] 连接错误:","service":"game-service","timestamp":"2025-12-11 20:20:48"}
{"level":"info","message":"[Redis] 正在重新连接:","service":"game-service","timestamp":"2025-12-11 20:20:53"}
{"level":"info","message":"[Redis] 尝试重新连接，第69次，延迟5000ms","service":"game-service","timestamp":"2025-12-11 20:20:53"}
{"level":"error","message":"[Redis] 连接错误:","service":"game-service","timestamp":"2025-12-11 20:20:53"}
{"level":"info","message":"[Redis] 正在重新连接:","service":"game-service","timestamp":"2025-12-11 20:20:58"}
{"level":"info","message":"[Redis] 尝试重新连接，第70次，延迟5000ms","service":"game-service","timestamp":"2025-12-11 20:20:58"}
{"level":"error","message":"[Redis] 连接错误:","service":"game-service","timestamp":"2025-12-11 20:20:58"}
{"level":"info","message":"[Redis] 正在重新连接:","service":"game-service","timestamp":"2025-12-11 20:21:03"}
{"level":"info","message":"[Redis] 尝试重新连接，第71次，延迟5000ms","service":"game-service","timestamp":"2025-12-11 20:21:03"}
{"level":"error","message":"[Redis] 连接错误:","service":"game-service","timestamp":"2025-12-11 20:21:03"}
{"level":"info","message":"[Redis] 正在重新连接:","service":"game-service","timestamp":"2025-12-11 20:21:08"}
{"level":"info","message":"[Redis] 尝试重新连接，第72次，延迟5000ms","service":"game-service","timestamp":"2025-12-11 20:21:08"}
{"level":"error","message":"[Redis] 连接错误:","service":"game-service","timestamp":"2025-12-11 20:21:08"}
{"level":"info","message":"[Redis] 正在重新连接:","service":"game-service","timestamp":"2025-12-11 20:21:13"}
{"level":"info","message":"[Redis] 尝试重新连接，第73次，延迟5000ms","service":"game-service","timestamp":"2025-12-11 20:21:13"}
{"level":"error","message":"[Redis] 连接错误:","service":"game-service","timestamp":"2025-12-11 20:21:13"}
{"level":"info","message":"[Redis] 正在重新连接:","service":"game-service","timestamp":"2025-12-11 20:21:18"}
{"level":"info","message":"[Redis] 尝试重新连接，第74次，延迟5000ms","service":"game-service","timestamp":"2025-12-11 20:21:18"}
{"level":"error","message":"[Redis] 连接错误:","service":"game-service","timestamp":"2025-12-11 20:21:18"}
{"level":"info","message":"[Redis] 正在重新连接:","service":"game-service","timestamp":"2025-12-11 20:21:23"}
{"level":"info","message":"[Redis] 尝试重新连接，第75次，延迟5000ms","service":"game-service","timestamp":"2025-12-11 20:21:23"}
{"level":"error","message":"[Redis] 连接错误:","service":"game-service","timestamp":"2025-12-11 20:21:23"}
{"level":"info","message":"[Redis] 正在重新连接:","service":"game-service","timestamp":"2025-12-11 20:21:28"}
{"level":"info","message":"[Redis] 尝试重新连接，第76次，延迟5000ms","service":"game-service","timestamp":"2025-12-11 20:21:28"}
{"level":"error","message":"[Redis] 连接错误:","service":"game-service","timestamp":"2025-12-11 20:21:28"}
{"level":"info","message":"[Redis] 正在重新连接:","service":"game-service","timestamp":"2025-12-11 20:21:33"}
{"level":"info","message":"[Redis] 尝试重新连接，第77次，延迟5000ms","service":"game-service","timestamp":"2025-12-11 20:21:33"}
{"level":"error","message":"[Redis] 连接错误:","service":"game-service","timestamp":"2025-12-11 20:21:33"}
{"level":"info","message":"[Redis] 正在重新连接:","service":"game-service","timestamp":"2025-12-11 20:21:38"}
{"level":"info","message":"[Redis] 尝试重新连接，第78次，延迟5000ms","service":"game-service","timestamp":"2025-12-11 20:21:38"}
{"level":"error","message":"[Redis] 连接错误:","service":"game-service","timestamp":"2025-12-11 20:21:38"}
{"level":"info","message":"[Redis] 正在重新连接:","service":"game-service","timestamp":"2025-12-11 20:21:43"}
{"level":"info","message":"[Redis] 尝试重新连接，第79次，延迟5000ms","service":"game-service","timestamp":"2025-12-11 20:21:43"}
{"level":"error","message":"[Redis] 连接错误:","service":"game-service","timestamp":"2025-12-11 20:21:43"}
{"level":"info","message":"[Redis] 正在重新连接:","service":"game-service","timestamp":"2025-12-11 20:21:48"}
{"level":"info","message":"[Redis] 尝试重新连接，第80次，延迟5000ms","service":"game-service","timestamp":"2025-12-11 20:21:48"}
{"level":"error","message":"[Redis] 连接错误:","service":"game-service","timestamp":"2025-12-11 20:21:48"}
{"level":"info","message":"[Redis] 正在重新连接:","service":"game-service","timestamp":"2025-12-11 20:21:53"}
{"level":"info","message":"[Redis] 尝试重新连接，第81次，延迟5000ms","service":"game-service","timestamp":"2025-12-11 20:21:53"}
{"level":"error","message":"[Redis] 连接错误:","service":"game-service","timestamp":"2025-12-11 20:21:53"}
{"level":"info","message":"[Redis] 正在重新连接:","service":"game-service","timestamp":"2025-12-11 20:21:58"}
{"level":"info","message":"[Redis] 尝试重新连接，第82次，延迟5000ms","service":"game-service","timestamp":"2025-12-11 20:21:58"}
{"level":"error","message":"[Redis] 连接错误:","service":"game-service","timestamp":"2025-12-11 20:21:58"}
{"level":"info","message":"[Redis] 正在重新连接:","service":"game-service","timestamp":"2025-12-11 20:22:03"}
{"level":"info","message":"[Redis] 尝试重新连接，第83次，延迟5000ms","service":"game-service","timestamp":"2025-12-11 20:22:03"}
{"level":"error","message":"[Redis] 连接错误:","service":"game-service","timestamp":"2025-12-11 20:22:03"}
{"level":"info","message":"[Redis] 正在重新连接:","service":"game-service","timestamp":"2025-12-11 20:22:08"}
{"level":"info","message":"[Redis] 尝试重新连接，第84次，延迟5000ms","service":"game-service","timestamp":"2025-12-11 20:22:08"}
{"level":"error","message":"[Redis] 连接错误:","service":"game-service","timestamp":"2025-12-11 20:22:08"}
{"level":"info","message":"[Redis] 正在重新连接:","service":"game-service","timestamp":"2025-12-11 20:22:13"}
{"level":"info","message":"[Redis] 尝试重新连接，第85次，延迟5000ms","service":"game-service","timestamp":"2025-12-11 20:22:13"}
{"level":"error","message":"[Redis] 连接错误:","service":"game-service","timestamp":"2025-12-11 20:22:13"}
{"level":"info","message":"[Redis] 正在重新连接:","service":"game-service","timestamp":"2025-12-11 20:22:18"}
{"level":"info","message":"[Redis] 尝试重新连接，第86次，延迟5000ms","service":"game-service","timestamp":"2025-12-11 20:22:18"}
{"level":"error","message":"[Redis] 连接错误:","service":"game-service","timestamp":"2025-12-11 20:22:18"}
{"level":"info","message":"[Redis] 正在重新连接:","service":"game-service","timestamp":"2025-12-11 20:22:23"}
{"level":"info","message":"[Redis] 尝试重新连接，第87次，延迟5000ms","service":"game-service","timestamp":"2025-12-11 20:22:23"}
{"level":"error","message":"[Redis] 连接错误:","service":"game-service","timestamp":"2025-12-11 20:22:23"}
{"level":"info","message":"[Redis] 正在重新连接:","service":"game-service","timestamp":"2025-12-11 20:22:28"}
{"level":"info","message":"[Redis] 尝试重新连接，第88次，延迟5000ms","service":"game-service","timestamp":"2025-12-11 20:22:28"}
{"level":"error","message":"[Redis] 连接错误:","service":"game-service","timestamp":"2025-12-11 20:22:28"}
{"level":"info","message":"[Redis] 正在重新连接:","service":"game-service","timestamp":"2025-12-11 20:22:33"}
{"level":"info","message":"[Redis] 尝试重新连接，第89次，延迟5000ms","service":"game-service","timestamp":"2025-12-11 20:22:33"}
{"level":"error","message":"[Redis] 连接错误:","service":"game-service","timestamp":"2025-12-11 20:22:33"}
{"level":"info","message":"[Redis] 正在重新连接:","service":"game-service","timestamp":"2025-12-11 20:22:38"}
{"level":"info","message":"[Redis] 尝试重新连接，第90次，延迟5000ms","service":"game-service","timestamp":"2025-12-11 20:22:38"}
{"level":"error","message":"[Redis] 连接错误:","service":"game-service","timestamp":"2025-12-11 20:22:38"}
{"level":"info","message":"[Redis] 正在重新连接:","service":"game-service","timestamp":"2025-12-11 20:22:43"}
{"level":"info","message":"[Redis] 尝试重新连接，第91次，延迟5000ms","service":"game-service","timestamp":"2025-12-11 20:22:43"}
{"level":"error","message":"[Redis] 连接错误:","service":"game-service","timestamp":"2025-12-11 20:22:43"}
{"level":"info","message":"[Redis] 正在重新连接:","service":"game-service","timestamp":"2025-12-11 20:22:48"}
{"level":"info","message":"[Redis] 尝试重新连接，第92次，延迟5000ms","service":"game-service","timestamp":"2025-12-11 20:22:48"}
{"level":"error","message":"[Redis] 连接错误:","service":"game-service","timestamp":"2025-12-11 20:22:48"}
{"level":"info","message":"[Redis] 正在重新连接:","service":"game-service","timestamp":"2025-12-11 20:22:53"}
{"level":"info","message":"[Redis] 尝试重新连接，第93次，延迟5000ms","service":"game-service","timestamp":"2025-12-11 20:22:53"}
{"level":"error","message":"[Redis] 连接错误:","service":"game-service","timestamp":"2025-12-11 20:22:53"}
{"level":"info","message":"[Redis] 正在重新连接:","service":"game-service","timestamp":"2025-12-11 20:22:59"}
{"level":"info","message":"[Redis] 尝试重新连接，第94次，延迟5000ms","service":"game-service","timestamp":"2025-12-11 20:22:59"}
{"level":"error","message":"[Redis] 连接错误:","service":"game-service","timestamp":"2025-12-11 20:22:59"}
{"level":"info","message":"[Redis] 正在重新连接:","service":"game-service","timestamp":"2025-12-11 20:23:04"}
{"level":"info","message":"[Redis] 尝试重新连接，第95次，延迟5000ms","service":"game-service","timestamp":"2025-12-11 20:23:04"}
{"level":"error","message":"[Redis] 连接错误:","service":"game-service","timestamp":"2025-12-11 20:23:04"}
{"level":"info","message":"[Redis] 正在重新连接:","service":"game-service","timestamp":"2025-12-11 20:23:09"}
{"level":"info","message":"[Redis] 尝试重新连接，第96次，延迟5000ms","service":"game-service","timestamp":"2025-12-11 20:23:09"}
{"level":"error","message":"[Redis] 连接错误:","service":"game-service","timestamp":"2025-12-11 20:23:09"}
{"level":"info","message":"[Redis] 正在重新连接:","service":"game-service","timestamp":"2025-12-11 20:23:14"}
{"level":"info","message":"[Redis] 尝试重新连接，第97次，延迟5000ms","service":"game-service","timestamp":"2025-12-11 20:23:14"}
{"level":"error","message":"[Redis] 连接错误:","service":"game-service","timestamp":"2025-12-11 20:23:14"}
{"level":"info","message":"[Redis] 正在重新连接:","service":"game-service","timestamp":"2025-12-11 20:23:19"}
{"level":"info","message":"[Redis] 尝试重新连接，第98次，延迟5000ms","service":"game-service","timestamp":"2025-12-11 20:23:19"}
{"level":"error","message":"[Redis] 连接错误:","service":"game-service","timestamp":"2025-12-11 20:23:19"}
{"level":"info","message":"[Redis] 正在重新连接:","service":"game-service","timestamp":"2025-12-11 20:23:24"}
{"level":"info","message":"[Redis] 尝试重新连接，第99次，延迟5000ms","service":"game-service","timestamp":"2025-12-11 20:23:24"}
{"level":"error","message":"[Redis] 连接错误:","service":"game-service","timestamp":"2025-12-11 20:23:24"}
{"level":"info","message":"[Redis] 正在重新连接:","service":"game-service","timestamp":"2025-12-11 20:23:29"}
{"level":"info","message":"[Redis] 尝试重新连接，第100次，延迟5000ms","service":"game-service","timestamp":"2025-12-11 20:23:29"}
{"level":"error","message":"[Redis] 连接错误:","service":"game-service","timestamp":"2025-12-11 20:23:29"}
{"level":"info","message":"[Redis] 正在重新连接:","service":"game-service","timestamp":"2025-12-11 20:23:34"}
{"level":"info","message":"[Redis] 尝试重新连接，第101次，延迟5000ms","service":"game-service","timestamp":"2025-12-11 20:23:34"}
{"level":"error","message":"[Redis] 连接错误:","service":"game-service","timestamp":"2025-12-11 20:23:34"}
{"level":"info","message":"[Redis] 正在重新连接:","service":"game-service","timestamp":"2025-12-11 20:23:39"}
{"level":"info","message":"[Redis] 尝试重新连接，第102次，延迟5000ms","service":"game-service","timestamp":"2025-12-11 20:23:39"}
{"level":"error","message":"[Redis] 连接错误:","service":"game-service","timestamp":"2025-12-11 20:23:39"}
{"level":"info","message":"[Redis] 正在重新连接:","service":"game-service","timestamp":"2025-12-11 20:23:44"}
{"level":"info","message":"[Redis] 尝试重新连接，第103次，延迟5000ms","service":"game-service","timestamp":"2025-12-11 20:23:44"}
{"level":"error","message":"[Redis] 连接错误:","service":"game-service","timestamp":"2025-12-11 20:23:44"}
{"level":"info","message":"[Redis] 正在重新连接:","service":"game-service","timestamp":"2025-12-11 20:23:49"}
{"level":"info","message":"[Redis] 尝试重新连接，第104次，延迟5000ms","service":"game-service","timestamp":"2025-12-11 20:23:49"}
{"level":"error","message":"[Redis] 连接错误:","service":"game-service","timestamp":"2025-12-11 20:23:49"}
{"level":"info","message":"[Redis] 正在重新连接:","service":"game-service","timestamp":"2025-12-11 20:23:54"}
{"level":"info","message":"[Redis] 尝试重新连接，第105次，延迟5000ms","service":"game-service","timestamp":"2025-12-11 20:23:54"}
{"level":"error","message":"[Redis] 连接错误:","service":"game-service","timestamp":"2025-12-11 20:23:54"}
{"level":"info","message":"[Redis] 正在重新连接:","service":"game-service","timestamp":"2025-12-11 20:23:59"}
{"level":"info","message":"[Redis] 尝试重新连接，第106次，延迟5000ms","service":"game-service","timestamp":"2025-12-11 20:23:59"}
{"level":"error","message":"[Redis] 连接错误:","service":"game-service","timestamp":"2025-12-11 20:23:59"}
{"level":"info","message":"[Redis] 正在重新连接:","service":"game-service","timestamp":"2025-12-11 20:24:04"}
{"level":"info","message":"[Redis] 尝试重新连接，第107次，延迟5000ms","service":"game-service","timestamp":"2025-12-11 20:24:04"}
{"level":"error","message":"[Redis] 连接错误:","service":"game-service","timestamp":"2025-12-11 20:24:04"}
{"level":"info","message":"[Redis] 正在重新连接:","service":"game-service","timestamp":"2025-12-11 20:24:09"}
{"level":"info","message":"[Redis] 尝试重新连接，第108次，延迟5000ms","service":"game-service","timestamp":"2025-12-11 20:24:09"}
{"level":"error","message":"[Redis] 连接错误:","service":"game-service","timestamp":"2025-12-11 20:24:09"}
{"level":"info","message":"[Redis] 正在重新连接:","service":"game-service","timestamp":"2025-12-11 20:24:14"}
{"level":"info","message":"[Redis] 尝试重新连接，第109次，延迟5000ms","service":"game-service","timestamp":"2025-12-11 20:24:14"}
{"level":"error","message":"[Redis] 连接错误:","service":"game-service","timestamp":"2025-12-11 20:24:14"}
{"level":"info","message":"[Redis] 正在重新连接:","service":"game-service","timestamp":"2025-12-11 20:24:19"}
{"level":"info","message":"[Redis] 尝试重新连接，第110次，延迟5000ms","service":"game-service","timestamp":"2025-12-11 20:24:19"}
{"level":"error","message":"[Redis] 连接错误:","service":"game-service","timestamp":"2025-12-11 20:24:19"}
{"level":"info","message":"[Redis] 正在重新连接:","service":"game-service","timestamp":"2025-12-11 20:24:24"}
{"level":"info","message":"[Redis] 尝试重新连接，第111次，延迟5000ms","service":"game-service","timestamp":"2025-12-11 20:24:24"}
{"level":"error","message":"[Redis] 连接错误:","service":"game-service","timestamp":"2025-12-11 20:24:24"}
{"level":"info","message":"[Redis] 正在重新连接:","service":"game-service","timestamp":"2025-12-11 20:24:29"}
{"level":"info","message":"[Redis] 尝试重新连接，第112次，延迟5000ms","service":"game-service","timestamp":"2025-12-11 20:24:29"}
{"level":"error","message":"[Redis] 连接错误:","service":"game-service","timestamp":"2025-12-11 20:24:29"}
{"level":"info","message":"[Redis] 正在重新连接:","service":"game-service","timestamp":"2025-12-11 20:24:34"}
{"level":"info","message":"[Redis] 尝试重新连接，第113次，延迟5000ms","service":"game-service","timestamp":"2025-12-11 20:24:34"}
{"level":"error","message":"[Redis] 连接错误:","service":"game-service","timestamp":"2025-12-11 20:24:34"}
{"level":"info","message":"[Redis] 正在重新连接:","service":"game-service","timestamp":"2025-12-11 20:24:39"}
{"level":"info","message":"[Redis] 尝试重新连接，第114次，延迟5000ms","service":"game-service","timestamp":"2025-12-11 20:24:39"}
{"level":"error","message":"[Redis] 连接错误:","service":"game-service","timestamp":"2025-12-11 20:24:39"}
{"level":"info","message":"[Redis] 正在重新连接:","service":"game-service","timestamp":"2025-12-11 20:24:44"}
{"level":"info","message":"[Redis] 尝试重新连接，第115次，延迟5000ms","service":"game-service","timestamp":"2025-12-11 20:24:44"}
{"level":"error","message":"[Redis] 连接错误:","service":"game-service","timestamp":"2025-12-11 20:24:44"}
{"level":"info","message":"[Redis] 正在重新连接:","service":"game-service","timestamp":"2025-12-11 20:24:49"}
{"level":"info","message":"[Redis] 尝试重新连接，第116次，延迟5000ms","service":"game-service","timestamp":"2025-12-11 20:24:49"}
{"level":"error","message":"[Redis] 连接错误:","service":"game-service","timestamp":"2025-12-11 20:24:49"}
{"level":"info","message":"[Redis] 正在重新连接:","service":"game-service","timestamp":"2025-12-11 20:24:54"}
{"level":"info","message":"[Redis] 尝试重新连接，第117次，延迟5000ms","service":"game-service","timestamp":"2025-12-11 20:24:54"}
{"level":"error","message":"[Redis] 连接错误:","service":"game-service","timestamp":"2025-12-11 20:24:54"}
{"level":"info","message":"[Redis] 正在重新连接:","service":"game-service","timestamp":"2025-12-11 20:24:59"}
{"level":"info","message":"[Redis] 尝试重新连接，第118次，延迟5000ms","service":"game-service","timestamp":"2025-12-11 20:24:59"}
{"level":"error","message":"[Redis] 连接错误:","service":"game-service","timestamp":"2025-12-11 20:24:59"}
{"level":"info","message":"[Redis] 正在重新连接:","service":"game-service","timestamp":"2025-12-11 20:25:04"}
{"level":"info","message":"[Redis] 尝试重新连接，第119次，延迟5000ms","service":"game-service","timestamp":"2025-12-11 20:25:04"}
{"level":"error","message":"[Redis] 连接错误:","service":"game-service","timestamp":"2025-12-11 20:25:04"}
{"level":"info","message":"[Redis] 正在重新连接:","service":"game-service","timestamp":"2025-12-11 20:25:09"}
{"level":"info","message":"[Redis] 尝试重新连接，第120次，延迟5000ms","service":"game-service","timestamp":"2025-12-11 20:25:09"}
{"level":"error","message":"[Redis] 连接错误:","service":"game-service","timestamp":"2025-12-11 20:25:09"}
{"level":"info","message":"[Redis] 正在重新连接:","service":"game-service","timestamp":"2025-12-11 20:25:14"}
{"level":"info","message":"[Redis] 尝试重新连接，第121次，延迟5000ms","service":"game-service","timestamp":"2025-12-11 20:25:14"}
{"level":"error","message":"[Redis] 连接错误:","service":"game-service","timestamp":"2025-12-11 20:25:14"}
{"level":"info","message":"[Redis] 正在重新连接:","service":"game-service","timestamp":"2025-12-11 20:25:19"}
{"level":"info","message":"[Redis] 尝试重新连接，第122次，延迟5000ms","service":"game-service","timestamp":"2025-12-11 20:25:19"}
{"level":"error","message":"[Redis] 连接错误:","service":"game-service","timestamp":"2025-12-11 20:25:19"}
{"level":"info","message":"[Redis] 正在重新连接:","service":"game-service","timestamp":"2025-12-11 20:25:24"}
{"level":"info","message":"[Redis] 尝试重新连接，第123次，延迟5000ms","service":"game-service","timestamp":"2025-12-11 20:25:24"}
{"level":"error","message":"[Redis] 连接错误:","service":"game-service","timestamp":"2025-12-11 20:25:24"}
{"level":"info","message":"[Redis] 正在重新连接:","service":"game-service","timestamp":"2025-12-11 20:25:29"}
{"level":"info","message":"[Redis] 尝试重新连接，第124次，延迟5000ms","service":"game-service","timestamp":"2025-12-11 20:25:29"}
{"level":"error","message":"[Redis] 连接错误:","service":"game-service","timestamp":"2025-12-11 20:25:29"}
{"level":"info","message":"[Redis] 正在重新连接:","service":"game-service","timestamp":"2025-12-11 20:25:34"}
{"level":"info","message":"[Redis] 尝试重新连接，第125次，延迟5000ms","service":"game-service","timestamp":"2025-12-11 20:25:34"}
{"level":"error","message":"[Redis] 连接错误:","service":"game-service","timestamp":"2025-12-11 20:25:34"}
{"level":"info","message":"[Redis] 正在重新连接:","service":"game-service","timestamp":"2025-12-11 20:25:39"}
{"level":"info","message":"[Redis] 尝试重新连接，第126次，延迟5000ms","service":"game-service","timestamp":"2025-12-11 20:25:39"}
{"level":"error","message":"[Redis] 连接错误:","service":"game-service","timestamp":"2025-12-11 20:25:39"}
{"level":"info","message":"[Redis] 正在重新连接:","service":"game-service","timestamp":"2025-12-11 20:25:44"}
{"level":"info","message":"[Redis] 尝试重新连接，第127次，延迟5000ms","service":"game-service","timestamp":"2025-12-11 20:25:44"}
{"level":"error","message":"[Redis] 连接错误:","service":"game-service","timestamp":"2025-12-11 20:25:44"}
{"level":"info","message":"[Redis] 正在重新连接:","service":"game-service","timestamp":"2025-12-11 20:25:49"}
{"level":"info","message":"[Redis] 尝试重新连接，第128次，延迟5000ms","service":"game-service","timestamp":"2025-12-11 20:25:49"}
{"level":"error","message":"[Redis] 连接错误:","service":"game-service","timestamp":"2025-12-11 20:25:49"}
{"level":"info","message":"[Redis] 正在重新连接:","service":"game-service","timestamp":"2025-12-11 20:25:54"}
{"level":"info","message":"[Redis] 尝试重新连接，第129次，延迟5000ms","service":"game-service","timestamp":"2025-12-11 20:25:54"}
{"level":"error","message":"[Redis] 连接错误:","service":"game-service","timestamp":"2025-12-11 20:25:54"}
{"level":"info","message":"[Redis] 正在重新连接:","service":"game-service","timestamp":"2025-12-11 20:25:59"}
{"level":"info","message":"[Redis] 尝试重新连接，第130次，延迟5000ms","service":"game-service","timestamp":"2025-12-11 20:25:59"}
{"level":"error","message":"[Redis] 连接错误:","service":"game-service","timestamp":"2025-12-11 20:25:59"}
{"level":"info","message":"[Redis] 正在重新连接:","service":"game-service","timestamp":"2025-12-11 20:26:04"}
{"level":"info","message":"[Redis] 尝试重新连接，第131次，延迟5000ms","service":"game-service","timestamp":"2025-12-11 20:26:04"}
{"level":"error","message":"[Redis] 连接错误:","service":"game-service","timestamp":"2025-12-11 20:26:04"}
{"level":"info","message":"[Redis] 正在重新连接:","service":"game-service","timestamp":"2025-12-11 20:26:09"}
{"level":"info","message":"[Redis] 尝试重新连接，第132次，延迟5000ms","service":"game-service","timestamp":"2025-12-11 20:26:09"}
{"level":"error","message":"[Redis] 连接错误:","service":"game-service","timestamp":"2025-12-11 20:26:09"}
{"level":"info","message":"[Redis] 正在重新连接:","service":"game-service","timestamp":"2025-12-11 20:26:14"}
{"level":"info","message":"[Redis] 尝试重新连接，第133次，延迟5000ms","service":"game-service","timestamp":"2025-12-11 20:26:14"}
{"level":"error","message":"[Redis] 连接错误:","service":"game-service","timestamp":"2025-12-11 20:26:14"}
{"level":"info","message":"[Redis] 正在重新连接:","service":"game-service","timestamp":"2025-12-11 20:26:19"}
{"level":"info","message":"[Redis] 尝试重新连接，第134次，延迟5000ms","service":"game-service","timestamp":"2025-12-11 20:26:19"}
{"level":"error","message":"[Redis] 连接错误:","service":"game-service","timestamp":"2025-12-11 20:26:19"}
{"level":"info","message":"[Redis] 正在重新连接:","service":"game-service","timestamp":"2025-12-11 20:26:24"}
{"level":"info","message":"[Redis] 尝试重新连接，第135次，延迟5000ms","service":"game-service","timestamp":"2025-12-11 20:26:24"}
{"level":"error","message":"[Redis] 连接错误:","service":"game-service","timestamp":"2025-12-11 20:26:24"}
{"level":"info","message":"[Redis] 正在重新连接:","service":"game-service","timestamp":"2025-12-11 20:26:29"}
{"level":"info","message":"[Redis] 尝试重新连接，第136次，延迟5000ms","service":"game-service","timestamp":"2025-12-11 20:26:29"}
{"level":"error","message":"[Redis] 连接错误:","service":"game-service","timestamp":"2025-12-11 20:26:29"}
{"level":"info","message":"[Redis] 正在重新连接:","service":"game-service","timestamp":"2025-12-11 20:26:34"}
{"level":"info","message":"[Redis] 尝试重新连接，第137次，延迟5000ms","service":"game-service","timestamp":"2025-12-11 20:26:34"}
{"level":"error","message":"[Redis] 连接错误:","service":"game-service","timestamp":"2025-12-11 20:26:34"}
{"level":"info","message":"[Redis] 正在重新连接:","service":"game-service","timestamp":"2025-12-11 20:26:39"}
{"level":"info","message":"[Redis] 尝试重新连接，第138次，延迟5000ms","service":"game-service","timestamp":"2025-12-11 20:26:39"}
{"level":"error","message":"[Redis] 连接错误:","service":"game-service","timestamp":"2025-12-11 20:26:39"}
{"level":"info","message":"[Redis] 正在重新连接:","service":"game-service","timestamp":"2025-12-11 20:26:44"}
{"level":"info","message":"[Redis] 尝试重新连接，第139次，延迟5000ms","service":"game-service","timestamp":"2025-12-11 20:26:44"}
{"level":"error","message":"[Redis] 连接错误:","service":"game-service","timestamp":"2025-12-11 20:26:44"}
{"level":"info","message":"[Redis] 正在重新连接:","service":"game-service","timestamp":"2025-12-11 20:26:49"}
{"level":"info","message":"[Redis] 尝试重新连接，第140次，延迟5000ms","service":"game-service","timestamp":"2025-12-11 20:26:49"}
{"level":"error","message":"[Redis] 连接错误:","service":"game-service","timestamp":"2025-12-11 20:26:49"}
{"level":"info","message":"[Redis] 正在重新连接:","service":"game-service","timestamp":"2025-12-11 20:26:54"}
{"level":"info","message":"[Redis] 尝试重新连接，第141次，延迟5000ms","service":"game-service","timestamp":"2025-12-11 20:26:54"}
{"level":"error","message":"[Redis] 连接错误:","service":"game-service","timestamp":"2025-12-11 20:26:54"}
{"level":"info","message":"[Redis] 正在重新连接:","service":"game-service","timestamp":"2025-12-11 20:26:59"}
{"level":"info","message":"[Redis] 尝试重新连接，第142次，延迟5000ms","service":"game-service","timestamp":"2025-12-11 20:26:59"}
{"level":"error","message":"[Redis] 连接错误:","service":"game-service","timestamp":"2025-12-11 20:26:59"}
{"level":"info","message":"[Redis] 正在重新连接:","service":"game-service","timestamp":"2025-12-11 20:27:04"}
{"level":"info","message":"[Redis] 尝试重新连接，第143次，延迟5000ms","service":"game-service","timestamp":"2025-12-11 20:27:04"}
{"level":"error","message":"[Redis] 连接错误:","service":"game-service","timestamp":"2025-12-11 20:27:04"}
{"level":"info","message":"[Redis] 正在重新连接:","service":"game-service","timestamp":"2025-12-11 20:27:09"}
{"level":"info","message":"[Redis] 尝试重新连接，第144次，延迟5000ms","service":"game-service","timestamp":"2025-12-11 20:27:09"}
{"level":"error","message":"[Redis] 连接错误:","service":"game-service","timestamp":"2025-12-11 20:27:09"}
{"level":"info","message":"[Redis] 正在重新连接:","service":"game-service","timestamp":"2025-12-11 20:27:14"}
{"level":"info","message":"[Redis] 尝试重新连接，第145次，延迟5000ms","service":"game-service","timestamp":"2025-12-11 20:27:14"}
{"level":"error","message":"[Redis] 连接错误:","service":"game-service","timestamp":"2025-12-11 20:27:14"}
{"level":"info","message":"[Redis] 正在重新连接:","service":"game-service","timestamp":"2025-12-11 20:27:19"}
{"level":"info","message":"[Redis] 尝试重新连接，第146次，延迟5000ms","service":"game-service","timestamp":"2025-12-11 20:27:19"}
{"level":"error","message":"[Redis] 连接错误:","service":"game-service","timestamp":"2025-12-11 20:27:19"}
{"level":"info","message":"[Redis] 正在重新连接:","service":"game-service","timestamp":"2025-12-11 20:27:24"}
{"level":"info","message":"[Redis] 尝试重新连接，第147次，延迟5000ms","service":"game-service","timestamp":"2025-12-11 20:27:24"}
{"level":"error","message":"[Redis] 连接错误:","service":"game-service","timestamp":"2025-12-11 20:27:24"}
{"level":"info","message":"[Redis] 正在重新连接:","service":"game-service","timestamp":"2025-12-11 20:27:29"}
{"level":"info","message":"[Redis] 尝试重新连接，第148次，延迟5000ms","service":"game-service","timestamp":"2025-12-11 20:27:29"}
{"level":"error","message":"[Redis] 连接错误:","service":"game-service","timestamp":"2025-12-11 20:27:29"}
{"level":"info","message":"[Redis] 正在重新连接:","service":"game-service","timestamp":"2025-12-11 20:27:34"}
{"level":"info","message":"[Redis] 尝试重新连接，第149次，延迟5000ms","service":"game-service","timestamp":"2025-12-11 20:27:34"}
{"level":"error","message":"[Redis] 连接错误:","service":"game-service","timestamp":"2025-12-11 20:27:34"}
{"level":"info","message":"[Redis] 正在重新连接:","service":"game-service","timestamp":"2025-12-11 20:27:39"}
{"level":"info","message":"[Redis] 尝试重新连接，第150次，延迟5000ms","service":"game-service","timestamp":"2025-12-11 20:27:39"}
{"level":"error","message":"[Redis] 连接错误:","service":"game-service","timestamp":"2025-12-11 20:27:39"}
{"level":"info","message":"[Redis] 正在重新连接:","service":"game-service","timestamp":"2025-12-11 20:27:44"}
{"level":"info","message":"[Redis] 尝试重新连接，第151次，延迟5000ms","service":"game-service","timestamp":"2025-12-11 20:27:44"}
{"level":"error","message":"[Redis] 连接错误:","service":"game-service","timestamp":"2025-12-11 20:27:44"}
{"level":"info","message":"[Redis] 正在重新连接:","service":"game-service","timestamp":"2025-12-11 20:27:49"}
{"level":"info","message":"[Redis] 尝试重新连接，第152次，延迟5000ms","service":"game-service","timestamp":"2025-12-11 20:27:49"}
{"level":"error","message":"[Redis] 连接错误:","service":"game-service","timestamp":"2025-12-11 20:27:49"}
{"level":"info","message":"[Redis] 正在重新连接:","service":"game-service","timestamp":"2025-12-11 20:27:54"}
{"level":"info","message":"[Redis] 尝试重新连接，第153次，延迟5000ms","service":"game-service","timestamp":"2025-12-11 20:27:54"}
{"level":"error","message":"[Redis] 连接错误:","service":"game-service","timestamp":"2025-12-11 20:27:54"}
{"level":"info","message":"[Redis] 正在重新连接:","service":"game-service","timestamp":"2025-12-11 20:27:59"}
{"level":"info","message":"[Redis] 尝试重新连接，第154次，延迟5000ms","service":"game-service","timestamp":"2025-12-11 20:27:59"}
{"level":"error","message":"[Redis] 连接错误:","service":"game-service","timestamp":"2025-12-11 20:27:59"}
{"level":"info","message":"[Redis] 正在重新连接:","service":"game-service","timestamp":"2025-12-11 20:28:04"}
{"level":"info","message":"[Redis] 尝试重新连接，第155次，延迟5000ms","service":"game-service","timestamp":"2025-12-11 20:28:04"}
{"level":"error","message":"[Redis] 连接错误:","service":"game-service","timestamp":"2025-12-11 20:28:04"}
{"level":"info","message":"[Redis] 正在重新连接:","service":"game-service","timestamp":"2025-12-11 20:28:09"}
{"level":"info","message":"[Redis] 尝试重新连接，第156次，延迟5000ms","service":"game-service","timestamp":"2025-12-11 20:28:09"}
{"level":"error","message":"[Redis] 连接错误:","service":"game-service","timestamp":"2025-12-11 20:28:09"}
{"level":"info","message":"[Redis] 正在重新连接:","service":"game-service","timestamp":"2025-12-11 20:28:14"}
{"level":"info","message":"[Redis] 尝试重新连接，第157次，延迟5000ms","service":"game-service","timestamp":"2025-12-11 20:28:14"}
{"level":"error","message":"[Redis] 连接错误:","service":"game-service","timestamp":"2025-12-11 20:28:14"}
{"level":"info","message":"[Redis] 正在重新连接:","service":"game-service","timestamp":"2025-12-11 20:28:19"}
{"level":"info","message":"[Redis] 尝试重新连接，第158次，延迟5000ms","service":"game-service","timestamp":"2025-12-11 20:28:19"}
{"level":"error","message":"[Redis] 连接错误:","service":"game-service","timestamp":"2025-12-11 20:28:19"}
{"level":"info","message":"[Redis] 正在重新连接:","service":"game-service","timestamp":"2025-12-11 20:28:24"}
{"level":"info","message":"[Redis] 尝试重新连接，第159次，延迟5000ms","service":"game-service","timestamp":"2025-12-11 20:28:24"}
{"level":"error","message":"[Redis] 连接错误:","service":"game-service","timestamp":"2025-12-11 20:28:24"}
{"level":"info","message":"[Redis] 正在重新连接:","service":"game-service","timestamp":"2025-12-11 20:28:29"}
{"level":"info","message":"[Redis] 尝试重新连接，第160次，延迟5000ms","service":"game-service","timestamp":"2025-12-11 20:28:29"}
{"level":"error","message":"[Redis] 连接错误:","service":"game-service","timestamp":"2025-12-11 20:28:29"}
{"level":"info","message":"[Redis] 正在重新连接:","service":"game-service","timestamp":"2025-12-11 20:28:34"}
{"level":"info","message":"[Redis] 尝试重新连接，第161次，延迟5000ms","service":"game-service","timestamp":"2025-12-11 20:28:34"}
{"level":"error","message":"[Redis] 连接错误:","service":"game-service","timestamp":"2025-12-11 20:28:34"}
{"level":"info","message":"[Redis] 正在重新连接:","service":"game-service","timestamp":"2025-12-11 20:28:39"}
{"level":"info","message":"[Redis] 尝试重新连接，第162次，延迟5000ms","service":"game-service","timestamp":"2025-12-11 20:28:39"}
{"level":"error","message":"[Redis] 连接错误:","service":"game-service","timestamp":"2025-12-11 20:28:39"}
{"level":"info","message":"[Redis] 正在重新连接:","service":"game-service","timestamp":"2025-12-11 20:28:44"}
{"level":"info","message":"[Redis] 尝试重新连接，第163次，延迟5000ms","service":"game-service","timestamp":"2025-12-11 20:28:44"}
{"level":"error","message":"[Redis] 连接错误:","service":"game-service","timestamp":"2025-12-11 20:28:44"}
{"level":"info","message":"[Redis] 正在重新连接:","service":"game-service","timestamp":"2025-12-11 20:28:49"}
{"level":"info","message":"[Redis] 尝试重新连接，第164次，延迟5000ms","service":"game-service","timestamp":"2025-12-11 20:28:49"}
{"level":"error","message":"[Redis] 连接错误:","service":"game-service","timestamp":"2025-12-11 20:28:49"}
{"level":"info","message":"[Redis] 正在重新连接:","service":"game-service","timestamp":"2025-12-11 20:28:54"}
{"level":"info","message":"[Redis] 尝试重新连接，第165次，延迟5000ms","service":"game-service","timestamp":"2025-12-11 20:28:54"}
{"level":"error","message":"[Redis] 连接错误:","service":"game-service","timestamp":"2025-12-11 20:28:54"}
{"level":"info","message":"[Redis] 正在重新连接:","service":"game-service","timestamp":"2025-12-11 20:28:59"}
{"level":"info","message":"[Redis] 尝试重新连接，第166次，延迟5000ms","service":"game-service","timestamp":"2025-12-11 20:28:59"}
{"level":"error","message":"[Redis] 连接错误:","service":"game-service","timestamp":"2025-12-11 20:28:59"}
{"level":"info","message":"[Redis] 正在重新连接:","service":"game-service","timestamp":"2025-12-11 20:29:04"}
{"level":"info","message":"[Redis] 尝试重新连接，第167次，延迟5000ms","service":"game-service","timestamp":"2025-12-11 20:29:04"}
{"level":"error","message":"[Redis] 连接错误:","service":"game-service","timestamp":"2025-12-11 20:29:04"}
{"level":"info","message":"[Redis] 正在重新连接:","service":"game-service","timestamp":"2025-12-11 20:29:09"}
{"level":"info","message":"[Redis] 尝试重新连接，第168次，延迟5000ms","service":"game-service","timestamp":"2025-12-11 20:29:09"}
{"level":"error","message":"[Redis] 连接错误:","service":"game-service","timestamp":"2025-12-11 20:29:09"}
{"level":"info","message":"[Redis] 正在重新连接:","service":"game-service","timestamp":"2025-12-11 20:29:14"}
{"level":"info","message":"[Redis] 尝试重新连接，第169次，延迟5000ms","service":"game-service","timestamp":"2025-12-11 20:29:14"}
{"level":"error","message":"[Redis] 连接错误:","service":"game-service","timestamp":"2025-12-11 20:29:14"}
{"level":"info","message":"[Redis] 正在重新连接:","service":"game-service","timestamp":"2025-12-11 20:29:19"}
{"level":"info","message":"[Redis] 尝试重新连接，第170次，延迟5000ms","service":"game-service","timestamp":"2025-12-11 20:29:19"}
{"level":"error","message":"[Redis] 连接错误:","service":"game-service","timestamp":"2025-12-11 20:29:19"}
{"level":"info","message":"[Redis] 正在重新连接:","service":"game-service","timestamp":"2025-12-11 20:29:24"}
{"level":"info","message":"[Redis] 尝试重新连接，第171次，延迟5000ms","service":"game-service","timestamp":"2025-12-11 20:29:24"}
{"level":"error","message":"[Redis] 连接错误:","service":"game-service","timestamp":"2025-12-11 20:29:24"}
{"level":"info","message":"[Redis] 正在重新连接:","service":"game-service","timestamp":"2025-12-11 20:29:29"}
{"level":"info","message":"[Redis] 尝试重新连接，第172次，延迟5000ms","service":"game-service","timestamp":"2025-12-11 20:29:29"}
{"level":"error","message":"[Redis] 连接错误:","service":"game-service","timestamp":"2025-12-11 20:29:29"}
{"level":"info","message":"[Redis] 正在重新连接:","service":"game-service","timestamp":"2025-12-11 20:29:34"}
{"level":"info","message":"[Redis] 尝试重新连接，第173次，延迟5000ms","service":"game-service","timestamp":"2025-12-11 20:29:34"}
{"level":"error","message":"[Redis] 连接错误:","service":"game-service","timestamp":"2025-12-11 20:29:34"}
{"level":"info","message":"[Redis] 正在重新连接:","service":"game-service","timestamp":"2025-12-11 20:29:39"}
{"level":"info","message":"[Redis] 尝试重新连接，第174次，延迟5000ms","service":"game-service","timestamp":"2025-12-11 20:29:39"}
{"level":"error","message":"[Redis] 连接错误:","service":"game-service","timestamp":"2025-12-11 20:29:39"}
{"level":"info","message":"[Redis] 正在重新连接:","service":"game-service","timestamp":"2025-12-11 20:29:44"}
{"level":"info","message":"[Redis] 尝试重新连接，第175次，延迟5000ms","service":"game-service","timestamp":"2025-12-11 20:29:44"}
{"level":"error","message":"[Redis] 连接错误:","service":"game-service","timestamp":"2025-12-11 20:29:44"}
{"level":"info","message":"[Redis] 正在重新连接:","service":"game-service","timestamp":"2025-12-11 20:29:49"}
{"level":"info","message":"[Redis] 尝试重新连接，第176次，延迟5000ms","service":"game-service","timestamp":"2025-12-11 20:29:49"}
{"level":"error","message":"[Redis] 连接错误:","service":"game-service","timestamp":"2025-12-11 20:29:49"}
{"level":"info","message":"[Redis] 正在重新连接:","service":"game-service","timestamp":"2025-12-11 20:29:54"}
{"level":"info","message":"[Redis] 尝试重新连接，第177次，延迟5000ms","service":"game-service","timestamp":"2025-12-11 20:29:54"}
{"level":"error","message":"[Redis] 连接错误:","service":"game-service","timestamp":"2025-12-11 20:29:54"}
{"level":"info","message":"[Redis] 正在重新连接:","service":"game-service","timestamp":"2025-12-11 20:29:59"}
{"level":"info","message":"[Redis] 尝试重新连接，第178次，延迟5000ms","service":"game-service","timestamp":"2025-12-11 20:29:59"}
{"level":"error","message":"[Redis] 连接错误:","service":"game-service","timestamp":"2025-12-11 20:29:59"}
{"level":"info","message":"[Redis] 正在重新连接:","service":"game-service","timestamp":"2025-12-11 20:30:04"}
{"level":"info","message":"[Redis] 尝试重新连接，第179次，延迟5000ms","service":"game-service","timestamp":"2025-12-11 20:30:04"}
{"level":"error","message":"[Redis] 连接错误:","service":"game-service","timestamp":"2025-12-11 20:30:04"}
{"level":"info","message":"[Redis] 正在重新连接:","service":"game-service","timestamp":"2025-12-11 20:30:09"}
{"level":"info","message":"[Redis] 尝试重新连接，第180次，延迟5000ms","service":"game-service","timestamp":"2025-12-11 20:30:09"}
{"level":"error","message":"[Redis] 连接错误:","service":"game-service","timestamp":"2025-12-11 20:30:09"}
{"level":"info","message":"[Redis] 正在重新连接:","service":"game-service","timestamp":"2025-12-11 20:30:14"}
{"level":"info","message":"[Redis] 尝试重新连接，第181次，延迟5000ms","service":"game-service","timestamp":"2025-12-11 20:30:14"}
{"level":"error","message":"[Redis] 连接错误:","service":"game-service","timestamp":"2025-12-11 20:30:14"}
{"level":"info","message":"[Redis] 正在重新连接:","service":"game-service","timestamp":"2025-12-11 20:30:19"}
{"level":"info","message":"[Redis] 尝试重新连接，第182次，延迟5000ms","service":"game-service","timestamp":"2025-12-11 20:30:19"}
{"level":"error","message":"[Redis] 连接错误:","service":"game-service","timestamp":"2025-12-11 20:30:19"}
{"level":"info","message":"[Redis] 正在重新连接:","service":"game-service","timestamp":"2025-12-11 20:30:24"}
{"level":"info","message":"[Redis] 尝试重新连接，第183次，延迟5000ms","service":"game-service","timestamp":"2025-12-11 20:30:24"}
{"level":"error","message":"[Redis] 连接错误:","service":"game-service","timestamp":"2025-12-11 20:30:24"}
{"level":"info","message":"[Redis] 正在重新连接:","service":"game-service","timestamp":"2025-12-11 20:30:29"}
{"level":"info","message":"[Redis] 尝试重新连接，第184次，延迟5000ms","service":"game-service","timestamp":"2025-12-11 20:30:29"}
{"level":"error","message":"[Redis] 连接错误:","service":"game-service","timestamp":"2025-12-11 20:30:29"}
{"level":"info","message":"[Redis] 正在重新连接:","service":"game-service","timestamp":"2025-12-11 20:30:34"}
{"level":"info","message":"[Redis] 尝试重新连接，第185次，延迟5000ms","service":"game-service","timestamp":"2025-12-11 20:30:34"}
{"level":"error","message":"[Redis] 连接错误:","service":"game-service","timestamp":"2025-12-11 20:30:34"}
{"level":"info","message":"[Redis] 正在重新连接:","service":"game-service","timestamp":"2025-12-11 20:30:39"}
{"level":"info","message":"[Redis] 尝试重新连接，第186次，延迟5000ms","service":"game-service","timestamp":"2025-12-11 20:30:39"}
{"level":"error","message":"[Redis] 连接错误:","service":"game-service","timestamp":"2025-12-11 20:30:39"}
{"level":"info","message":"[Redis] 正在重新连接:","service":"game-service","timestamp":"2025-12-11 20:30:44"}
{"level":"info","message":"[Redis] 尝试重新连接，第187次，延迟5000ms","service":"game-service","timestamp":"2025-12-11 20:30:44"}
{"level":"error","message":"[Redis] 连接错误:","service":"game-service","timestamp":"2025-12-11 20:30:44"}
{"level":"info","message":"[Redis] 正在重新连接:","service":"game-service","timestamp":"2025-12-11 20:30:49"}
{"level":"info","message":"[Redis] 尝试重新连接，第188次，延迟5000ms","service":"game-service","timestamp":"2025-12-11 20:30:49"}
{"level":"error","message":"[Redis] 连接错误:","service":"game-service","timestamp":"2025-12-11 20:30:49"}
{"level":"info","message":"[Redis] 正在重新连接:","service":"game-service","timestamp":"2025-12-11 20:30:54"}
{"level":"info","message":"[Redis] 尝试重新连接，第189次，延迟5000ms","service":"game-service","timestamp":"2025-12-11 20:30:54"}
{"level":"error","message":"[Redis] 连接错误:","service":"game-service","timestamp":"2025-12-11 20:30:54"}
{"level":"info","message":"[Redis] 正在重新连接:","service":"game-service","timestamp":"2025-12-11 20:30:59"}
{"level":"info","message":"[Redis] 尝试重新连接，第190次，延迟5000ms","service":"game-service","timestamp":"2025-12-11 20:30:59"}
{"level":"error","message":"[Redis] 连接错误:","service":"game-service","timestamp":"2025-12-11 20:30:59"}
{"level":"info","message":"[Redis] 正在重新连接:","service":"game-service","timestamp":"2025-12-11 20:31:04"}
{"level":"info","message":"[Redis] 尝试重新连接，第191次，延迟5000ms","service":"game-service","timestamp":"2025-12-11 20:31:04"}
{"level":"error","message":"[Redis] 连接错误:","service":"game-service","timestamp":"2025-12-11 20:31:04"}
{"level":"info","message":"[Redis] 正在重新连接:","service":"game-service","timestamp":"2025-12-11 20:31:09"}
{"level":"info","message":"[Redis] 尝试重新连接，第192次，延迟5000ms","service":"game-service","timestamp":"2025-12-11 20:31:09"}
{"level":"error","message":"[Redis] 连接错误:","service":"game-service","timestamp":"2025-12-11 20:31:09"}
{"level":"info","message":"[Redis] 正在重新连接:","service":"game-service","timestamp":"2025-12-11 20:31:14"}
{"level":"info","message":"[Redis] 尝试重新连接，第193次，延迟5000ms","service":"game-service","timestamp":"2025-12-11 20:31:14"}
{"level":"error","message":"[Redis] 连接错误:","service":"game-service","timestamp":"2025-12-11 20:31:14"}
{"level":"info","message":"[Redis] 正在重新连接:","service":"game-service","timestamp":"2025-12-11 20:31:19"}
{"level":"info","message":"[Redis] 尝试重新连接，第194次，延迟5000ms","service":"game-service","timestamp":"2025-12-11 20:31:19"}
{"level":"error","message":"[Redis] 连接错误:","service":"game-service","timestamp":"2025-12-11 20:31:19"}
{"level":"info","message":"[Redis] 正在重新连接:","service":"game-service","timestamp":"2025-12-11 20:31:24"}
{"level":"info","message":"[Redis] 尝试重新连接，第195次，延迟5000ms","service":"game-service","timestamp":"2025-12-11 20:31:24"}
{"level":"error","message":"[Redis] 连接错误:","service":"game-service","timestamp":"2025-12-11 20:31:24"}
{"level":"info","message":"[Redis] 正在重新连接:","service":"game-service","timestamp":"2025-12-11 20:31:30"}
{"level":"info","message":"[Redis] 尝试重新连接，第196次，延迟5000ms","service":"game-service","timestamp":"2025-12-11 20:31:30"}
{"level":"error","message":"[Redis] 连接错误:","service":"game-service","timestamp":"2025-12-11 20:31:30"}
{"level":"info","message":"[Redis] 正在重新连接:","service":"game-service","timestamp":"2025-12-11 20:31:35"}
{"level":"info","message":"[Redis] 尝试重新连接，第197次，延迟5000ms","service":"game-service","timestamp":"2025-12-11 20:31:35"}
{"level":"error","message":"[Redis] 连接错误:","service":"game-service","timestamp":"2025-12-11 20:31:35"}
{"level":"info","message":"[Redis] 正在重新连接:","service":"game-service","timestamp":"2025-12-11 20:31:40"}
{"level":"info","message":"[Redis] 尝试重新连接，第198次，延迟5000ms","service":"game-service","timestamp":"2025-12-11 20:31:40"}
{"level":"error","message":"[Redis] 连接错误:","service":"game-service","timestamp":"2025-12-11 20:31:40"}
{"level":"info","message":"[Redis] 正在重新连接:","service":"game-service","timestamp":"2025-12-11 20:31:45"}
{"level":"info","message":"[Redis] 尝试重新连接，第199次，延迟5000ms","service":"game-service","timestamp":"2025-12-11 20:31:45"}
{"level":"error","message":"[Redis] 连接错误:","service":"game-service","timestamp":"2025-12-11 20:31:45"}
{"level":"info","message":"[Redis] 正在重新连接:","service":"game-service","timestamp":"2025-12-11 20:31:50"}
{"level":"info","message":"[Redis] 尝试重新连接，第200次，延迟5000ms","service":"game-service","timestamp":"2025-12-11 20:31:50"}
{"level":"error","message":"[Redis] 连接错误:","service":"game-service","timestamp":"2025-12-11 20:31:50"}
{"level":"info","message":"[Redis] 正在重新连接:","service":"game-service","timestamp":"2025-12-11 20:31:55"}
{"level":"info","message":"[Redis] 尝试重新连接，第201次，延迟5000ms","service":"game-service","timestamp":"2025-12-11 20:31:55"}
{"level":"error","message":"[Redis] 连接错误:","service":"game-service","timestamp":"2025-12-11 20:31:55"}
